Dec-17 12:16:26.836 [main] DEBUG nextflow.cli.Launcher - $> nextflow run src/nextflow/main.nf -entry SIMPLE --input_pattern 'tests/data/*.gbk' --outdir test_results
Dec-17 12:16:26.863 [main] DEBUG nextflow.cli.CmdRun - N E X T F L O W  ~  version 25.10.2
Dec-17 12:16:26.887 [main] DEBUG nextflow.plugin.PluginsFacade - Setting up plugin manager > mode=prod; embedded=false; plugins-dir=/Users/mcclainthiel/.nextflow/plugins; core-plugins: nf-amazon@3.4.2,nf-azure@1.20.2,nf-cloudcache@0.5.0,nf-codecommit@0.5.0,nf-console@1.3.0,nf-google@1.23.3,nf-k8s@1.2.2,nf-tower@1.17.3,nf-wave@1.16.1
Dec-17 12:16:26.896 [main] INFO  o.pf4j.DefaultPluginStatusProvider - Enabled plugins: []
Dec-17 12:16:26.897 [main] INFO  o.pf4j.DefaultPluginStatusProvider - Disabled plugins: []
Dec-17 12:16:26.898 [main] INFO  org.pf4j.DefaultPluginManager - PF4J version 3.12.0 in 'deployment' mode
Dec-17 12:16:26.903 [main] DEBUG nextflow.util.RetryConfig - Missing nextflow session - using default retry config
Dec-17 12:16:26.959 [main] INFO  org.pf4j.AbstractPluginManager - No plugins
Dec-17 12:16:26.971 [main] DEBUG nextflow.config.ConfigBuilder - Found config base: /Users/mcclainthiel/Projects/PhD/plasmid-pretraining/src/nextflow/nextflow.config
Dec-17 12:16:26.973 [main] DEBUG nextflow.config.ConfigBuilder - Parsing config file: /Users/mcclainthiel/Projects/PhD/plasmid-pretraining/src/nextflow/nextflow.config
Dec-17 12:16:26.983 [main] DEBUG nextflow.config.ConfigBuilder - Applying config profile: `standard`
Dec-17 12:16:27.196 [main] DEBUG nextflow.plugin.PluginsFacade - Plugins default=[]
Dec-17 12:16:27.197 [main] DEBUG nextflow.plugin.PluginsFacade - Plugins resolved requirement=[]
Dec-17 12:16:27.202 [main] DEBUG n.secret.LocalSecretsProvider - Secrets store: /Users/mcclainthiel/.nextflow/secrets/store.json
Dec-17 12:16:27.203 [main] DEBUG nextflow.secret.SecretsLoader - Discovered secrets providers: [nextflow.secret.LocalSecretsProvider@51c8f62c] - activable => nextflow.secret.LocalSecretsProvider@51c8f62c
Dec-17 12:16:27.205 [main] DEBUG nextflow.cli.CmdRun - Applied DSL=2 from script declaration
Dec-17 12:16:27.211 [main] DEBUG nextflow.cli.CmdRun - Launching `src/nextflow/main.nf` [nice_ptolemy] DSL2 - revision: 07aa6af6e6
Dec-17 12:16:27.228 [main] DEBUG nextflow.Session - Session UUID: a6ae02a9-26b9-4c21-8c5f-0f2e36074f15
Dec-17 12:16:27.228 [main] DEBUG nextflow.Session - Run name: nice_ptolemy
Dec-17 12:16:27.228 [main] DEBUG nextflow.Session - Executor pool size: 10
Dec-17 12:16:27.231 [main] DEBUG nextflow.file.FilePorter - File porter settings maxRetries=3; maxTransfers=50; pollTimeout=null
Dec-17 12:16:27.232 [main] DEBUG nextflow.util.ThreadPoolBuilder - Creating thread pool 'FileTransfer' minSize=10; maxSize=30; workQueue=LinkedBlockingQueue[-1]; allowCoreThreadTimeout=false
Dec-17 12:16:27.262 [main] DEBUG nextflow.cli.CmdRun - 
  Version: 25.10.2 build 10555
  Created: 28-11-2025 19:24 UTC (11:24 PDT)
  System: Mac OS X 15.6
  Runtime: Groovy 4.0.28 on OpenJDK 64-Bit Server VM 17.0.17+0
  Encoding: UTF-8 (UTF-8)
  Process: 56106@MacBook-Air-2.local [127.0.0.1]
  CPUs: 10 - Mem: 24 GB (111.5 MB) - Swap: 2 GB (1.1 GB)
Dec-17 12:16:27.269 [main] DEBUG nextflow.Session - Work-dir: /Users/mcclainthiel/Projects/PhD/plasmid-pretraining/work [Mac OS X]
Dec-17 12:16:27.280 [main] DEBUG nextflow.executor.ExecutorFactory - Extension executors providers=[]
Dec-17 12:16:27.290 [main] DEBUG nextflow.Session - Observer factory (v2): LinObserverFactory
Dec-17 12:16:27.291 [main] DEBUG nextflow.Session - Observer factory (v2): DefaultObserverFactory
Dec-17 12:16:27.318 [main] DEBUG nextflow.cache.CacheFactory - Using Nextflow cache factory: nextflow.cache.DefaultCacheFactory
Dec-17 12:16:27.321 [main] DEBUG nextflow.util.CustomThreadPool - Creating default thread pool > poolSize: 11; maxThreads: 1000
Dec-17 12:16:27.343 [main] DEBUG nextflow.Session - Session start
Dec-17 12:16:27.346 [main] DEBUG nextflow.trace.TraceFileObserver - Workflow started -- trace file: test_results/pipeline_info/trace.txt
Dec-17 12:16:27.497 [main] DEBUG nextflow.script.ScriptRunner - > Launching execution
Dec-17 12:16:27.736 [main] INFO  nextflow.Nextflow - 
===========================================
 S P A C E   P I P E L I N E   v0.1.0
===========================================
Scalable Plasmid Annotation & Classification Engine

Input pattern : tests/data/*.gbk
Output dir    : test_results
Profile       : standard

Skip Bakta    : false
Skip MOB-suite: false
Skip COPLA    : false
Skip QC       : false
===========================================

Dec-17 12:16:27.778 [main] DEBUG n.script.dsl.ProcessConfigBuilder - Config settings `withName:NORMALIZE` matches process SIMPLE:NORMALIZE
Dec-17 12:16:27.782 [main] DEBUG nextflow.executor.ExecutorFactory - << taskConfig executor: local
Dec-17 12:16:27.782 [main] DEBUG nextflow.executor.ExecutorFactory - >> processorType: 'local'
Dec-17 12:16:27.785 [main] DEBUG nextflow.executor.Executor - [warm up] executor > local
Dec-17 12:16:27.788 [main] DEBUG n.processor.LocalPollingMonitor - Creating local task monitor for executor 'local' > cpus=10; memory=24 GB; capacity=10; pollInterval=100ms; dumpInterval=5m
Dec-17 12:16:27.789 [main] DEBUG n.processor.TaskPollingMonitor - >>> barrier register (monitor: local)
Dec-17 12:16:27.796 [main] DEBUG nextflow.processor.TaskProcessor - Creating process 'SIMPLE:NORMALIZE': maxForks=0; fair=false; array=0
Dec-17 12:16:27.807 [main] DEBUG n.script.dsl.ProcessConfigBuilder - Config settings `withName:SCAN_ENGINEERED` matches process SIMPLE:SCAN_ENGINEERED
Dec-17 12:16:27.808 [main] DEBUG nextflow.executor.ExecutorFactory - << taskConfig executor: local
Dec-17 12:16:27.808 [main] DEBUG nextflow.executor.ExecutorFactory - >> processorType: 'local'
Dec-17 12:16:27.809 [main] DEBUG nextflow.processor.TaskProcessor - Creating process 'SIMPLE:SCAN_ENGINEERED': maxForks=0; fair=false; array=0
Dec-17 12:16:27.811 [main] DEBUG nextflow.executor.ExecutorFactory - << taskConfig executor: local
Dec-17 12:16:27.811 [main] DEBUG nextflow.executor.ExecutorFactory - >> processorType: 'local'
Dec-17 12:16:27.811 [main] DEBUG nextflow.processor.TaskProcessor - Creating process 'SIMPLE:SKIP_BAKTA': maxForks=0; fair=false; array=0
Dec-17 12:16:27.813 [main] DEBUG nextflow.executor.ExecutorFactory - << taskConfig executor: local
Dec-17 12:16:27.813 [main] DEBUG nextflow.executor.ExecutorFactory - >> processorType: 'local'
Dec-17 12:16:27.813 [main] DEBUG nextflow.processor.TaskProcessor - Creating process 'SIMPLE:SKIP_MOBSUITE': maxForks=0; fair=false; array=0
Dec-17 12:16:27.815 [main] DEBUG nextflow.executor.ExecutorFactory - << taskConfig executor: local
Dec-17 12:16:27.815 [main] DEBUG nextflow.executor.ExecutorFactory - >> processorType: 'local'
Dec-17 12:16:27.815 [main] DEBUG nextflow.processor.TaskProcessor - Creating process 'SIMPLE:SKIP_COPLA': maxForks=0; fair=false; array=0
Dec-17 12:16:27.817 [main] DEBUG nextflow.executor.ExecutorFactory - << taskConfig executor: local
Dec-17 12:16:27.817 [main] DEBUG nextflow.executor.ExecutorFactory - >> processorType: 'local'
Dec-17 12:16:27.817 [main] DEBUG nextflow.processor.TaskProcessor - Creating process 'SIMPLE:SKIP_QC': maxForks=0; fair=false; array=0
Dec-17 12:16:27.821 [main] DEBUG n.script.dsl.ProcessConfigBuilder - Config settings `withName:PARSE_NATURAL` matches process SIMPLE:PARSE_NATURAL
Dec-17 12:16:27.822 [main] DEBUG nextflow.executor.ExecutorFactory - << taskConfig executor: local
Dec-17 12:16:27.822 [main] DEBUG nextflow.executor.ExecutorFactory - >> processorType: 'local'
Dec-17 12:16:27.823 [main] DEBUG nextflow.processor.TaskProcessor - Creating process 'SIMPLE:PARSE_NATURAL': maxForks=0; fair=false; array=0
Dec-17 12:16:27.826 [main] DEBUG n.script.dsl.ProcessConfigBuilder - Config settings `withName:CLASSIFY` matches process SIMPLE:CLASSIFY
Dec-17 12:16:27.827 [main] DEBUG nextflow.executor.ExecutorFactory - << taskConfig executor: local
Dec-17 12:16:27.827 [main] DEBUG nextflow.executor.ExecutorFactory - >> processorType: 'local'
Dec-17 12:16:27.827 [main] DEBUG nextflow.processor.TaskProcessor - Creating process 'SIMPLE:CLASSIFY': maxForks=0; fair=false; array=0
Dec-17 12:16:27.831 [main] DEBUG n.script.dsl.ProcessConfigBuilder - Config settings `withName:EXPORT_PARQUET` matches process SIMPLE:EXPORT_PARQUET
Dec-17 12:16:27.832 [main] DEBUG nextflow.executor.ExecutorFactory - << taskConfig executor: local
Dec-17 12:16:27.832 [main] DEBUG nextflow.executor.ExecutorFactory - >> processorType: 'local'
Dec-17 12:16:27.832 [main] DEBUG nextflow.processor.TaskProcessor - Creating process 'SIMPLE:EXPORT_PARQUET': maxForks=0; fair=false; array=0
Dec-17 12:16:27.833 [main] DEBUG nextflow.Session - Workflow process names [dsl2]: VERIFY_DATABASES, RUN_COPLA, SEQ_QC, SIMPLE:SCAN_ENGINEERED, SKIP_MOBSUITE, DOWNLOAD_BAKTA_DB, SIMPLE:SKIP_BAKTA, SIMPLE:EXPORT_PARQUET, SKIP_QC, SIMPLE:SKIP_MOBSUITE, SIMPLE:NORMALIZE, NORMALIZE, SIMPLE:CLASSIFY, PARSE_NATURAL, SIMPLE:SKIP_COPLA, SCAN_ENGINEERED, CLASSIFY, SKIP_COPLA, EXPORT_PARQUET, SIMPLE:SKIP_QC, RUN_BAKTA, RUN_MOBSUITE, SKIP_BAKTA, SIMPLE:PARSE_NATURAL, DOWNLOAD_COPLA_DB
Dec-17 12:16:27.835 [main] DEBUG nextflow.Session - Igniting dataflow network (10)
Dec-17 12:16:27.837 [main] DEBUG nextflow.processor.TaskProcessor - Starting process > SIMPLE:NORMALIZE
Dec-17 12:16:27.837 [main] DEBUG nextflow.processor.TaskProcessor - Starting process > SIMPLE:SCAN_ENGINEERED
Dec-17 12:16:27.837 [main] DEBUG nextflow.processor.TaskProcessor - Starting process > SIMPLE:SKIP_BAKTA
Dec-17 12:16:27.837 [main] DEBUG nextflow.processor.TaskProcessor - Starting process > SIMPLE:SKIP_MOBSUITE
Dec-17 12:16:27.837 [main] DEBUG nextflow.processor.TaskProcessor - Starting process > SIMPLE:SKIP_COPLA
Dec-17 12:16:27.837 [main] DEBUG nextflow.processor.TaskProcessor - Starting process > SIMPLE:SKIP_QC
Dec-17 12:16:27.837 [main] DEBUG nextflow.processor.TaskProcessor - Starting process > SIMPLE:PARSE_NATURAL
Dec-17 12:16:27.837 [main] DEBUG nextflow.processor.TaskProcessor - Starting process > SIMPLE:CLASSIFY
Dec-17 12:16:27.837 [main] DEBUG nextflow.processor.TaskProcessor - Starting process > SIMPLE:EXPORT_PARQUET
Dec-17 12:16:27.837 [PathVisitor-1] DEBUG nextflow.file.PathVisitor - files for syntax: glob; folder: tests/data/; pattern: *.gbk; options: [checkIfExists:true]
Dec-17 12:16:27.837 [main] DEBUG nextflow.script.ScriptRunner - Parsed script files:
  Script_aae8e1fd582c0a18: /Users/mcclainthiel/Projects/PhD/plasmid-pretraining/src/nextflow/main.nf
  Script_f1e84250ce4f1623: /Users/mcclainthiel/Projects/PhD/plasmid-pretraining/src/nextflow/modules/scan_engineered.nf
  Script_8979ef0fc8dad19e: /Users/mcclainthiel/Projects/PhD/plasmid-pretraining/src/nextflow/modules/classify.nf
  Script_80c562ffaf78504a: /Users/mcclainthiel/Projects/PhD/plasmid-pretraining/src/nextflow/modules/seq_qc.nf
  Script_83695065f671b4c0: /Users/mcclainthiel/Projects/PhD/plasmid-pretraining/src/nextflow/modules/setup.nf
  Script_3e80511d4dfb1aa3: /Users/mcclainthiel/Projects/PhD/plasmid-pretraining/src/nextflow/modules/scan_natural.nf
  Script_5a9cf5c775f958c5: /Users/mcclainthiel/Projects/PhD/plasmid-pretraining/src/nextflow/modules/normalize.nf
  Script_c9c5405b5605e657: /Users/mcclainthiel/Projects/PhD/plasmid-pretraining/src/nextflow/modules/export.nf
Dec-17 12:16:27.837 [main] DEBUG nextflow.script.ScriptRunner - > Awaiting termination 
Dec-17 12:16:27.837 [main] DEBUG nextflow.Session - Session await
Dec-17 12:16:27.907 [Task submitter] WARN  n.executor.BashWrapperBuilder - Task runtime metrics are not reported when using macOS without a container engine
Dec-17 12:16:27.913 [Task submitter] DEBUG n.executor.local.LocalTaskHandler - Launch cmd line: /bin/bash -ue .command.run
Dec-17 12:16:27.914 [Task submitter] INFO  nextflow.Session - [4e/f84488] Submitted process > SIMPLE:NORMALIZE (GenBank AAEO01000042)
Dec-17 12:16:27.926 [Task submitter] DEBUG n.executor.local.LocalTaskHandler - Launch cmd line: /bin/bash -ue .command.run
Dec-17 12:16:27.926 [Task submitter] INFO  nextflow.Session - [d6/6f1b83] Submitted process > SIMPLE:NORMALIZE (GenBank AADR01000058.1)
Dec-17 12:16:27.929 [Task submitter] DEBUG n.executor.local.LocalTaskHandler - Launch cmd line: /bin/bash -ue .command.run
Dec-17 12:16:27.929 [Task submitter] INFO  nextflow.Session - [d6/6efc7a] Submitted process > SIMPLE:NORMALIZE (GenBank AAEN01000029.1)
Dec-17 12:16:27.933 [Task submitter] DEBUG n.executor.local.LocalTaskHandler - Launch cmd line: /bin/bash -ue .command.run
Dec-17 12:16:27.933 [Task submitter] INFO  nextflow.Session - [3d/b1ffd6] Submitted process > SIMPLE:NORMALIZE (GenBank AAEK01000020.1)
Dec-17 12:16:27.937 [Task submitter] DEBUG n.executor.local.LocalTaskHandler - Launch cmd line: /bin/bash -ue .command.run
Dec-17 12:16:27.937 [Task submitter] INFO  nextflow.Session - [b2/f534cf] Submitted process > SIMPLE:NORMALIZE (GenBank AAEN01000030.1)
Dec-17 12:16:27.945 [Task submitter] DEBUG n.executor.local.LocalTaskHandler - Launch cmd line: /bin/bash -ue .command.run
Dec-17 12:16:27.946 [Task submitter] INFO  nextflow.Session - [ce/d46928] Submitted process > SIMPLE:NORMALIZE (GenBank AAEK01000004.1)
Dec-17 12:16:27.952 [Task submitter] DEBUG n.executor.local.LocalTaskHandler - Launch cmd line: /bin/bash -ue .command.run
Dec-17 12:16:27.952 [Task submitter] INFO  nextflow.Session - [28/7f4607] Submitted process > SIMPLE:NORMALIZE (GenBank AAEK01000036.1)
Dec-17 12:16:27.962 [Task submitter] DEBUG n.executor.local.LocalTaskHandler - Launch cmd line: /bin/bash -ue .command.run
Dec-17 12:16:27.963 [Task submitter] INFO  nextflow.Session - [ee/c74e78] Submitted process > SIMPLE:NORMALIZE (GenBank AAEO01000041)
Dec-17 12:16:27.969 [Task submitter] DEBUG n.executor.local.LocalTaskHandler - Launch cmd line: /bin/bash -ue .command.run
Dec-17 12:16:27.970 [Task submitter] INFO  nextflow.Session - [c2/a6eb47] Submitted process > SIMPLE:NORMALIZE (GenBank AAEP01000051.1)
Dec-17 12:16:27.997 [Task submitter] DEBUG n.executor.local.LocalTaskHandler - Launch cmd line: /bin/bash -ue .command.run
Dec-17 12:16:27.997 [Task submitter] INFO  nextflow.Session - [79/9c5dd2] Submitted process > SIMPLE:NORMALIZE (GenBank AAEK01000038.1)
Dec-17 12:16:28.521 [Task monitor] DEBUG n.processor.TaskPollingMonitor - Task completed > TaskHandler[id: 8; name: SIMPLE:NORMALIZE (GenBank AAEO01000042); status: COMPLETED; exit: 1; error: -; workDir: /Users/mcclainthiel/Projects/PhD/plasmid-pretraining/work/4e/f84488a59bd7592ecd915170d9b73b]
Dec-17 12:16:28.522 [Task monitor] DEBUG nextflow.util.ThreadPoolBuilder - Creating thread pool 'TaskFinalizer' minSize=10; maxSize=30; workQueue=LinkedBlockingQueue[-1]; allowCoreThreadTimeout=false
Dec-17 12:16:28.523 [Task monitor] DEBUG n.processor.TaskPollingMonitor - Task completed > TaskHandler[id: 9; name: SIMPLE:NORMALIZE (GenBank AADR01000058.1); status: COMPLETED; exit: 1; error: -; workDir: /Users/mcclainthiel/Projects/PhD/plasmid-pretraining/work/d6/6f1b830bbc426cfec8eeb78c20f50b]
Dec-17 12:16:28.524 [Task monitor] DEBUG n.processor.TaskPollingMonitor - Task completed > TaskHandler[id: 2; name: SIMPLE:NORMALIZE (GenBank AAEN01000029.1); status: COMPLETED; exit: 1; error: -; workDir: /Users/mcclainthiel/Projects/PhD/plasmid-pretraining/work/d6/6efc7a1254896e2d6eab5050dd495b]
Dec-17 12:16:28.524 [Task monitor] DEBUG n.processor.TaskPollingMonitor - Task completed > TaskHandler[id: 5; name: SIMPLE:NORMALIZE (GenBank AAEK01000020.1); status: COMPLETED; exit: 1; error: -; workDir: /Users/mcclainthiel/Projects/PhD/plasmid-pretraining/work/3d/b1ffd68187658e4457c370ad92b7c2]
Dec-17 12:16:28.525 [Task submitter] DEBUG n.executor.local.LocalTaskHandler - Launch cmd line: /bin/bash -ue .command.run
Dec-17 12:16:28.525 [Task submitter] INFO  nextflow.Session - [a6/940305] Submitted process > SIMPLE:NORMALIZE (GenBank AAEO01000040)
Dec-17 12:16:28.525 [Task monitor] DEBUG n.processor.TaskPollingMonitor - Task completed > TaskHandler[id: 1; name: SIMPLE:NORMALIZE (GenBank AAEN01000030.1); status: COMPLETED; exit: 1; error: -; workDir: /Users/mcclainthiel/Projects/PhD/plasmid-pretraining/work/b2/f534cfb7c4c09c030477976848b899]
Dec-17 12:16:28.526 [Task monitor] DEBUG n.processor.TaskPollingMonitor - Task completed > TaskHandler[id: 4; name: SIMPLE:NORMALIZE (GenBank AAEK01000004.1); status: COMPLETED; exit: 1; error: -; workDir: /Users/mcclainthiel/Projects/PhD/plasmid-pretraining/work/ce/d46928a2bf7726b44286782a0e7c46]
Dec-17 12:16:28.527 [Task monitor] DEBUG n.processor.TaskPollingMonitor - Task completed > TaskHandler[id: 7; name: SIMPLE:NORMALIZE (GenBank AAEK01000036.1); status: COMPLETED; exit: 1; error: -; workDir: /Users/mcclainthiel/Projects/PhD/plasmid-pretraining/work/28/7f4607d46a558b444410d1a865d217]
Dec-17 12:16:28.528 [TaskFinalizer-4] DEBUG nextflow.processor.TaskProcessor - Handling unexpected condition for
  task: name=SIMPLE:NORMALIZE (GenBank AAEK01000020.1); work-dir=/Users/mcclainthiel/Projects/PhD/plasmid-pretraining/work/3d/b1ffd68187658e4457c370ad92b7c2
  error [nextflow.exception.ProcessFailedException]: Process `SIMPLE:NORMALIZE (GenBank AAEK01000020.1)` terminated with an error exit status (1)
Dec-17 12:16:28.528 [Task monitor] DEBUG n.processor.TaskPollingMonitor - Task completed > TaskHandler[id: 10; name: SIMPLE:NORMALIZE (GenBank AAEO01000041); status: COMPLETED; exit: 1; error: -; workDir: /Users/mcclainthiel/Projects/PhD/plasmid-pretraining/work/ee/c74e78c439ad46e7abe9f9762d2235]
Dec-17 12:16:28.528 [Task monitor] DEBUG n.processor.TaskPollingMonitor - Task completed > TaskHandler[id: 6; name: SIMPLE:NORMALIZE (GenBank AAEP01000051.1); status: COMPLETED; exit: 1; error: -; workDir: /Users/mcclainthiel/Projects/PhD/plasmid-pretraining/work/c2/a6eb4799a739a48d13400b7c20e15a]
Dec-17 12:16:28.529 [Task monitor] DEBUG n.processor.TaskPollingMonitor - Task completed > TaskHandler[id: 3; name: SIMPLE:NORMALIZE (GenBank AAEK01000038.1); status: COMPLETED; exit: 1; error: -; workDir: /Users/mcclainthiel/Projects/PhD/plasmid-pretraining/work/79/9c5dd2e8969e6f4b355e8db5298c5c]
Dec-17 12:16:28.538 [TaskFinalizer-4] ERROR nextflow.processor.TaskProcessor - Error executing process > 'SIMPLE:NORMALIZE (GenBank AAEK01000020.1)'

Caused by:
  Process `SIMPLE:NORMALIZE (GenBank AAEK01000020.1)` terminated with an error exit status (1)


Command executed:

  normalize.py \
      --input "GenBank\ AAEK01000020.1.gbk" \
      --output-fasta "GenBank AAEK01000020.1.fasta" \
      --output-meta "GenBank AAEK01000020.1_meta.json"

Command exit status:
  1

Command output:
  (empty)

Command error:
  Traceback (most recent call last):
    File "/Users/mcclainthiel/Projects/PhD/plasmid-pretraining/src/nextflow/bin/normalize.py", line 376, in <module>
      main()
    File "/Users/mcclainthiel/Projects/PhD/plasmid-pretraining/src/nextflow/bin/normalize.py", line 353, in main
      metadata = parse_genbank(input_path)
                 ^^^^^^^^^^^^^^^^^^^^^^^^^
    File "/Users/mcclainthiel/Projects/PhD/plasmid-pretraining/src/nextflow/bin/normalize.py", line 213, in parse_genbank
      with open(filepath, "r") as f:
           ^^^^^^^^^^^^^^^^^^^
  FileNotFoundError: [Errno 2] No such file or directory: 'GenBank\\ AAEK01000020.1.gbk'

Work dir:
  /Users/mcclainthiel/Projects/PhD/plasmid-pretraining/work/3d/b1ffd68187658e4457c370ad92b7c2

Tip: you can replicate the issue by changing to the process work dir and entering the command `bash .command.run`
Dec-17 12:16:28.539 [TaskFinalizer-10] DEBUG nextflow.processor.TaskProcessor - Handling unexpected condition for
  task: name=SIMPLE:NORMALIZE (GenBank AAEK01000038.1); work-dir=/Users/mcclainthiel/Projects/PhD/plasmid-pretraining/work/79/9c5dd2e8969e6f4b355e8db5298c5c
  error [nextflow.exception.ProcessFailedException]: Process `SIMPLE:NORMALIZE (GenBank AAEK01000038.1)` terminated with an error exit status (1)
Dec-17 12:16:28.539 [TaskFinalizer-9] DEBUG nextflow.processor.TaskProcessor - Handling unexpected condition for
  task: name=SIMPLE:NORMALIZE (GenBank AAEP01000051.1); work-dir=/Users/mcclainthiel/Projects/PhD/plasmid-pretraining/work/c2/a6eb4799a739a48d13400b7c20e15a
  error [nextflow.exception.ProcessFailedException]: Process `SIMPLE:NORMALIZE (GenBank AAEP01000051.1)` terminated with an error exit status (1)
Dec-17 12:16:28.540 [TaskFinalizer-8] DEBUG nextflow.processor.TaskProcessor - Handling unexpected condition for
  task: name=SIMPLE:NORMALIZE (GenBank AAEO01000041); work-dir=/Users/mcclainthiel/Projects/PhD/plasmid-pretraining/work/ee/c74e78c439ad46e7abe9f9762d2235
  error [nextflow.exception.ProcessFailedException]: Process `SIMPLE:NORMALIZE (GenBank AAEO01000041)` terminated with an error exit status (1)
Dec-17 12:16:28.540 [TaskFinalizer-7] DEBUG nextflow.processor.TaskProcessor - Handling unexpected condition for
  task: name=SIMPLE:NORMALIZE (GenBank AAEK01000036.1); work-dir=/Users/mcclainthiel/Projects/PhD/plasmid-pretraining/work/28/7f4607d46a558b444410d1a865d217
  error [nextflow.exception.ProcessFailedException]: Process `SIMPLE:NORMALIZE (GenBank AAEK01000036.1)` terminated with an error exit status (1)
Dec-17 12:16:28.540 [TaskFinalizer-6] DEBUG nextflow.processor.TaskProcessor - Handling unexpected condition for
  task: name=SIMPLE:NORMALIZE (GenBank AAEK01000004.1); work-dir=/Users/mcclainthiel/Projects/PhD/plasmid-pretraining/work/ce/d46928a2bf7726b44286782a0e7c46
  error [nextflow.exception.ProcessFailedException]: Process `SIMPLE:NORMALIZE (GenBank AAEK01000004.1)` terminated with an error exit status (1)
Dec-17 12:16:28.541 [TaskFinalizer-2] DEBUG nextflow.processor.TaskProcessor - Handling unexpected condition for
  task: name=SIMPLE:NORMALIZE (GenBank AADR01000058.1); work-dir=/Users/mcclainthiel/Projects/PhD/plasmid-pretraining/work/d6/6f1b830bbc426cfec8eeb78c20f50b
  error [nextflow.exception.ProcessFailedException]: Process `SIMPLE:NORMALIZE (GenBank AADR01000058.1)` terminated with an error exit status (1)
Dec-17 12:16:28.541 [TaskFinalizer-5] DEBUG nextflow.processor.TaskProcessor - Handling unexpected condition for
  task: name=SIMPLE:NORMALIZE (GenBank AAEN01000030.1); work-dir=/Users/mcclainthiel/Projects/PhD/plasmid-pretraining/work/b2/f534cfb7c4c09c030477976848b899
  error [nextflow.exception.ProcessFailedException]: Process `SIMPLE:NORMALIZE (GenBank AAEN01000030.1)` terminated with an error exit status (1)
Dec-17 12:16:28.542 [TaskFinalizer-3] DEBUG nextflow.processor.TaskProcessor - Handling unexpected condition for
  task: name=SIMPLE:NORMALIZE (GenBank AAEN01000029.1); work-dir=/Users/mcclainthiel/Projects/PhD/plasmid-pretraining/work/d6/6efc7a1254896e2d6eab5050dd495b
  error [nextflow.exception.ProcessFailedException]: Process `SIMPLE:NORMALIZE (GenBank AAEN01000029.1)` terminated with an error exit status (1)
Dec-17 12:16:28.542 [TaskFinalizer-1] DEBUG nextflow.processor.TaskProcessor - Handling unexpected condition for
  task: name=SIMPLE:NORMALIZE (GenBank AAEO01000042); work-dir=/Users/mcclainthiel/Projects/PhD/plasmid-pretraining/work/4e/f84488a59bd7592ecd915170d9b73b
  error [nextflow.exception.ProcessFailedException]: Process `SIMPLE:NORMALIZE (GenBank AAEO01000042)` terminated with an error exit status (1)
Dec-17 12:16:28.547 [TaskFinalizer-4] DEBUG nextflow.Session - Session aborted -- Cause: Process `SIMPLE:NORMALIZE (GenBank AAEK01000020.1)` terminated with an error exit status (1)
Dec-17 12:16:28.557 [TaskFinalizer-4] DEBUG nextflow.Session - The following nodes are still active:
[process] SIMPLE:SCAN_ENGINEERED
  status=ACTIVE
  port 0: (queue) OPEN  ; channel: -
  port 1: (cntrl) -     ; channel: $

[process] SIMPLE:SKIP_BAKTA
  status=ACTIVE
  port 0: (queue) OPEN  ; channel: -
  port 1: (cntrl) -     ; channel: $

[process] SIMPLE:SKIP_MOBSUITE
  status=ACTIVE
  port 0: (queue) OPEN  ; channel: -
  port 1: (cntrl) -     ; channel: $

[process] SIMPLE:SKIP_COPLA
  status=ACTIVE
  port 0: (queue) OPEN  ; channel: -
  port 1: (cntrl) -     ; channel: $

[process] SIMPLE:SKIP_QC
  status=ACTIVE
  port 0: (queue) OPEN  ; channel: -
  port 1: (cntrl) -     ; channel: $

[process] SIMPLE:PARSE_NATURAL
  status=ACTIVE
  port 0: (queue) OPEN  ; channel: -
  port 1: (cntrl) -     ; channel: $

[process] SIMPLE:CLASSIFY
  status=ACTIVE
  port 0: (queue) OPEN  ; channel: -
  port 1: (cntrl) -     ; channel: $

[process] SIMPLE:EXPORT_PARQUET
  status=ACTIVE
  port 0: (value) OPEN  ; channel: classified_jsons
  port 1: (cntrl) -     ; channel: $

Dec-17 12:16:28.560 [TaskFinalizer-4] INFO  nextflow.Nextflow - 
===========================================
Pipeline completed!
===========================================
Status    : FAILED
Duration  : 1.3s
Output    : test_results

Results:
  - Normalized:  test_results/normalized/
  - Engineered:  test_results/engineered_scan/
  - Natural:     test_results/natural_scan/
  - QC:          test_results/seq_qc/
  - Classified:  test_results/classified/
  - Final:       test_results/final/plasmids.parquet
===========================================

Dec-17 12:16:28.563 [TaskFinalizer-4] WARN  n.processor.TaskPollingMonitor - Killing running tasks (1)
Dec-17 12:16:28.573 [TaskFinalizer-4] DEBUG n.trace.WorkflowStatsObserver - Workflow completed > WorkflowStats[succeededCount=0; failedCount=10; ignoredCount=0; cachedCount=0; pendingCount=0; submittedCount=0; runningCount=0; retriesCount=0; abortedCount=1; succeedDuration=0ms; failedDuration=5.2s; cachedDuration=0ms;loadCpus=0; loadMemory=0; peakRunning=10; peakCpus=10; peakMemory=20 GB; ]
Dec-17 12:16:28.591 [Task monitor] DEBUG n.processor.TaskPollingMonitor - <<< barrier arrives (monitor: local) - terminating tasks monitor poll loop
Dec-17 12:16:28.757 [TaskFinalizer-4] WARN  nextflow.dag.GraphvizRenderer - Graphviz is required to render the execution DAG in the given format -- See http://www.graphviz.org for more info.
Dec-17 12:16:28.757 [TaskFinalizer-4] DEBUG nextflow.trace.ReportObserver - Workflow completed -- rendering execution report
Dec-17 12:16:29.232 [TaskFinalizer-4] DEBUG nextflow.trace.TimelineObserver - Workflow completed -- rendering execution timeline
Dec-17 12:16:29.282 [TaskFinalizer-4] DEBUG nextflow.trace.TraceFileObserver - Workflow completed -- saving trace file
Dec-17 12:16:29.284 [TaskFinalizer-4] ERROR nextflow.Nextflow - Pipeline failed: Traceback (most recent call last):
  File "/Users/mcclainthiel/Projects/PhD/plasmid-pretraining/src/nextflow/bin/normalize.py", line 376, in <module>
    main()
  File "/Users/mcclainthiel/Projects/PhD/plasmid-pretraining/src/nextflow/bin/normalize.py", line 353, in main
    metadata = parse_genbank(input_path)
               ^^^^^^^^^^^^^^^^^^^^^^^^^
  File "/Users/mcclainthiel/Projects/PhD/plasmid-pretraining/src/nextflow/bin/normalize.py", line 213, in parse_genbank
    with open(filepath, "r") as f:
         ^^^^^^^^^^^^^^^^^^^
FileNotFoundError: [Errno 2] No such file or directory: 'GenBank\\ AAEK01000020.1.gbk'
Dec-17 12:16:29.284 [main] DEBUG nextflow.Session - Session await > all processes finished
Dec-17 12:16:29.284 [main] DEBUG nextflow.Session - Session await > all barriers passed
Dec-17 12:16:29.285 [main] DEBUG n.trace.WorkflowStatsObserver - Workflow completed > WorkflowStats[succeededCount=0; failedCount=10; ignoredCount=0; cachedCount=0; pendingCount=0; submittedCount=0; runningCount=0; retriesCount=0; abortedCount=1; succeedDuration=0ms; failedDuration=5.2s; cachedDuration=0ms;loadCpus=0; loadMemory=0; peakRunning=10; peakCpus=10; peakMemory=20 GB; ]
Dec-17 12:16:29.293 [main] WARN  nextflow.dag.GraphvizRenderer - Graphviz is required to render the execution DAG in the given format -- See http://www.graphviz.org for more info.
Dec-17 12:16:29.293 [main] DEBUG nextflow.trace.ReportObserver - Workflow completed -- rendering execution report
Dec-17 12:16:29.731 [main] DEBUG nextflow.trace.TimelineObserver - Workflow completed -- rendering execution timeline
Dec-17 12:16:29.773 [main] DEBUG nextflow.trace.TraceFileObserver - Workflow completed -- saving trace file
Dec-17 12:16:29.775 [main] DEBUG nextflow.cache.CacheDB - Closing CacheDB done
Dec-17 12:16:29.783 [main] DEBUG nextflow.script.ScriptRunner - > Execution complete -- Goodbye
