Dec-17 12:18:16.314 [main] DEBUG nextflow.cli.Launcher - $> nextflow run src/nextflow/main.nf -entry SIMPLE --input_pattern 'tests/data/*.gbk' --outdir test_results
Dec-17 12:18:16.345 [main] DEBUG nextflow.cli.CmdRun - N E X T F L O W  ~  version 25.10.2
Dec-17 12:18:16.355 [main] DEBUG nextflow.plugin.PluginsFacade - Setting up plugin manager > mode=prod; embedded=false; plugins-dir=/Users/mcclainthiel/.nextflow/plugins; core-plugins: nf-amazon@3.4.2,nf-azure@1.20.2,nf-cloudcache@0.5.0,nf-codecommit@0.5.0,nf-console@1.3.0,nf-google@1.23.3,nf-k8s@1.2.2,nf-tower@1.17.3,nf-wave@1.16.1
Dec-17 12:18:16.363 [main] INFO  o.pf4j.DefaultPluginStatusProvider - Enabled plugins: []
Dec-17 12:18:16.364 [main] INFO  o.pf4j.DefaultPluginStatusProvider - Disabled plugins: []
Dec-17 12:18:16.365 [main] INFO  org.pf4j.DefaultPluginManager - PF4J version 3.12.0 in 'deployment' mode
Dec-17 12:18:16.371 [main] DEBUG nextflow.util.RetryConfig - Missing nextflow session - using default retry config
Dec-17 12:18:16.428 [main] INFO  org.pf4j.AbstractPluginManager - No plugins
Dec-17 12:18:16.438 [main] DEBUG nextflow.config.ConfigBuilder - Found config base: /Users/mcclainthiel/Projects/PhD/plasmid-pretraining/src/nextflow/nextflow.config
Dec-17 12:18:16.440 [main] DEBUG nextflow.config.ConfigBuilder - Parsing config file: /Users/mcclainthiel/Projects/PhD/plasmid-pretraining/src/nextflow/nextflow.config
Dec-17 12:18:16.450 [main] DEBUG nextflow.config.ConfigBuilder - Applying config profile: `standard`
Dec-17 12:18:16.675 [main] DEBUG nextflow.plugin.PluginsFacade - Plugins default=[]
Dec-17 12:18:16.676 [main] DEBUG nextflow.plugin.PluginsFacade - Plugins resolved requirement=[]
Dec-17 12:18:16.681 [main] DEBUG n.secret.LocalSecretsProvider - Secrets store: /Users/mcclainthiel/.nextflow/secrets/store.json
Dec-17 12:18:16.682 [main] DEBUG nextflow.secret.SecretsLoader - Discovered secrets providers: [nextflow.secret.LocalSecretsProvider@5740ff5e] - activable => nextflow.secret.LocalSecretsProvider@5740ff5e
Dec-17 12:18:16.683 [main] DEBUG nextflow.cli.CmdRun - Applied DSL=2 from script declaration
Dec-17 12:18:16.689 [main] DEBUG nextflow.cli.CmdRun - Launching `src/nextflow/main.nf` [sad_banach] DSL2 - revision: c7f68c841d
Dec-17 12:18:16.707 [main] DEBUG nextflow.Session - Session UUID: 6603ce88-d6a0-4d31-87d0-9f484b77af84
Dec-17 12:18:16.707 [main] DEBUG nextflow.Session - Run name: sad_banach
Dec-17 12:18:16.707 [main] DEBUG nextflow.Session - Executor pool size: 10
Dec-17 12:18:16.710 [main] DEBUG nextflow.file.FilePorter - File porter settings maxRetries=3; maxTransfers=50; pollTimeout=null
Dec-17 12:18:16.712 [main] DEBUG nextflow.util.ThreadPoolBuilder - Creating thread pool 'FileTransfer' minSize=10; maxSize=30; workQueue=LinkedBlockingQueue[-1]; allowCoreThreadTimeout=false
Dec-17 12:18:16.724 [main] DEBUG nextflow.cli.CmdRun - 
  Version: 25.10.2 build 10555
  Created: 28-11-2025 19:24 UTC (11:24 PDT)
  System: Mac OS X 15.6
  Runtime: Groovy 4.0.28 on OpenJDK 64-Bit Server VM 17.0.17+0
  Encoding: UTF-8 (UTF-8)
  Process: 56820@MacBook-Air-2.local [127.0.0.1]
  CPUs: 10 - Mem: 24 GB (67.2 MB) - Swap: 2 GB (1.1 GB)
Dec-17 12:18:16.730 [main] DEBUG nextflow.Session - Work-dir: /Users/mcclainthiel/Projects/PhD/plasmid-pretraining/work [Mac OS X]
Dec-17 12:18:16.742 [main] DEBUG nextflow.executor.ExecutorFactory - Extension executors providers=[]
Dec-17 12:18:16.753 [main] DEBUG nextflow.Session - Observer factory (v2): LinObserverFactory
Dec-17 12:18:16.754 [main] DEBUG nextflow.Session - Observer factory (v2): DefaultObserverFactory
Dec-17 12:18:16.778 [main] DEBUG nextflow.cache.CacheFactory - Using Nextflow cache factory: nextflow.cache.DefaultCacheFactory
Dec-17 12:18:16.782 [main] DEBUG nextflow.util.CustomThreadPool - Creating default thread pool > poolSize: 11; maxThreads: 1000
Dec-17 12:18:16.803 [main] DEBUG nextflow.Session - Session start
Dec-17 12:18:16.805 [main] DEBUG nextflow.trace.TraceFileObserver - Workflow started -- trace file: test_results/pipeline_info/trace.txt
Dec-17 12:18:16.958 [main] DEBUG nextflow.script.ScriptRunner - > Launching execution
Dec-17 12:18:17.273 [main] INFO  nextflow.Nextflow - 
===========================================
 S P A C E   P I P E L I N E   v0.1.0
===========================================
Scalable Plasmid Annotation & Classification Engine

Input pattern : tests/data/*.gbk
Output dir    : test_results
Profile       : standard

Skip Bakta    : false
Skip MOB-suite: false
Skip COPLA    : false
Skip QC       : false
===========================================

Dec-17 12:18:17.313 [main] DEBUG n.script.dsl.ProcessConfigBuilder - Config settings `withName:NORMALIZE` matches process SIMPLE:NORMALIZE
Dec-17 12:18:17.317 [main] DEBUG nextflow.executor.ExecutorFactory - << taskConfig executor: local
Dec-17 12:18:17.317 [main] DEBUG nextflow.executor.ExecutorFactory - >> processorType: 'local'
Dec-17 12:18:17.320 [main] DEBUG nextflow.executor.Executor - [warm up] executor > local
Dec-17 12:18:17.322 [main] DEBUG n.processor.LocalPollingMonitor - Creating local task monitor for executor 'local' > cpus=10; memory=24 GB; capacity=10; pollInterval=100ms; dumpInterval=5m
Dec-17 12:18:17.324 [main] DEBUG n.processor.TaskPollingMonitor - >>> barrier register (monitor: local)
Dec-17 12:18:17.331 [main] DEBUG nextflow.processor.TaskProcessor - Creating process 'SIMPLE:NORMALIZE': maxForks=0; fair=false; array=0
Dec-17 12:18:17.342 [main] DEBUG n.script.dsl.ProcessConfigBuilder - Config settings `withName:SCAN_ENGINEERED` matches process SIMPLE:SCAN_ENGINEERED
Dec-17 12:18:17.343 [main] DEBUG nextflow.executor.ExecutorFactory - << taskConfig executor: local
Dec-17 12:18:17.343 [main] DEBUG nextflow.executor.ExecutorFactory - >> processorType: 'local'
Dec-17 12:18:17.343 [main] DEBUG nextflow.processor.TaskProcessor - Creating process 'SIMPLE:SCAN_ENGINEERED': maxForks=0; fair=false; array=0
Dec-17 12:18:17.345 [main] DEBUG nextflow.executor.ExecutorFactory - << taskConfig executor: local
Dec-17 12:18:17.346 [main] DEBUG nextflow.executor.ExecutorFactory - >> processorType: 'local'
Dec-17 12:18:17.346 [main] DEBUG nextflow.processor.TaskProcessor - Creating process 'SIMPLE:SKIP_BAKTA': maxForks=0; fair=false; array=0
Dec-17 12:18:17.347 [main] DEBUG nextflow.executor.ExecutorFactory - << taskConfig executor: local
Dec-17 12:18:17.348 [main] DEBUG nextflow.executor.ExecutorFactory - >> processorType: 'local'
Dec-17 12:18:17.348 [main] DEBUG nextflow.processor.TaskProcessor - Creating process 'SIMPLE:SKIP_MOBSUITE': maxForks=0; fair=false; array=0
Dec-17 12:18:17.349 [main] DEBUG nextflow.executor.ExecutorFactory - << taskConfig executor: local
Dec-17 12:18:17.349 [main] DEBUG nextflow.executor.ExecutorFactory - >> processorType: 'local'
Dec-17 12:18:17.349 [main] DEBUG nextflow.processor.TaskProcessor - Creating process 'SIMPLE:SKIP_COPLA': maxForks=0; fair=false; array=0
Dec-17 12:18:17.351 [main] DEBUG nextflow.executor.ExecutorFactory - << taskConfig executor: local
Dec-17 12:18:17.351 [main] DEBUG nextflow.executor.ExecutorFactory - >> processorType: 'local'
Dec-17 12:18:17.351 [main] DEBUG nextflow.processor.TaskProcessor - Creating process 'SIMPLE:SKIP_QC': maxForks=0; fair=false; array=0
Dec-17 12:18:17.356 [main] DEBUG n.script.dsl.ProcessConfigBuilder - Config settings `withName:PARSE_NATURAL` matches process SIMPLE:PARSE_NATURAL
Dec-17 12:18:17.357 [main] DEBUG nextflow.executor.ExecutorFactory - << taskConfig executor: local
Dec-17 12:18:17.357 [main] DEBUG nextflow.executor.ExecutorFactory - >> processorType: 'local'
Dec-17 12:18:17.357 [main] DEBUG nextflow.processor.TaskProcessor - Creating process 'SIMPLE:PARSE_NATURAL': maxForks=0; fair=false; array=0
Dec-17 12:18:17.361 [main] DEBUG n.script.dsl.ProcessConfigBuilder - Config settings `withName:CLASSIFY` matches process SIMPLE:CLASSIFY
Dec-17 12:18:17.362 [main] DEBUG nextflow.executor.ExecutorFactory - << taskConfig executor: local
Dec-17 12:18:17.362 [main] DEBUG nextflow.executor.ExecutorFactory - >> processorType: 'local'
Dec-17 12:18:17.362 [main] DEBUG nextflow.processor.TaskProcessor - Creating process 'SIMPLE:CLASSIFY': maxForks=0; fair=false; array=0
Dec-17 12:18:17.366 [main] DEBUG n.script.dsl.ProcessConfigBuilder - Config settings `withName:EXPORT_PARQUET` matches process SIMPLE:EXPORT_PARQUET
Dec-17 12:18:17.368 [main] DEBUG nextflow.executor.ExecutorFactory - << taskConfig executor: local
Dec-17 12:18:17.368 [main] DEBUG nextflow.executor.ExecutorFactory - >> processorType: 'local'
Dec-17 12:18:17.368 [main] DEBUG nextflow.processor.TaskProcessor - Creating process 'SIMPLE:EXPORT_PARQUET': maxForks=0; fair=false; array=0
Dec-17 12:18:17.369 [main] DEBUG nextflow.Session - Workflow process names [dsl2]: VERIFY_DATABASES, RUN_COPLA, SEQ_QC, SIMPLE:SCAN_ENGINEERED, SKIP_MOBSUITE, DOWNLOAD_BAKTA_DB, SIMPLE:SKIP_BAKTA, SIMPLE:EXPORT_PARQUET, SKIP_QC, SIMPLE:SKIP_MOBSUITE, SIMPLE:NORMALIZE, NORMALIZE, SIMPLE:CLASSIFY, PARSE_NATURAL, SIMPLE:SKIP_COPLA, SCAN_ENGINEERED, SKIP_COPLA, CLASSIFY, EXPORT_PARQUET, SIMPLE:SKIP_QC, RUN_BAKTA, RUN_MOBSUITE, SKIP_BAKTA, SIMPLE:PARSE_NATURAL, DOWNLOAD_COPLA_DB
Dec-17 12:18:17.371 [main] DEBUG nextflow.Session - Igniting dataflow network (10)
Dec-17 12:18:17.373 [main] DEBUG nextflow.processor.TaskProcessor - Starting process > SIMPLE:NORMALIZE
Dec-17 12:18:17.373 [main] DEBUG nextflow.processor.TaskProcessor - Starting process > SIMPLE:SCAN_ENGINEERED
Dec-17 12:18:17.373 [main] DEBUG nextflow.processor.TaskProcessor - Starting process > SIMPLE:SKIP_BAKTA
Dec-17 12:18:17.373 [main] DEBUG nextflow.processor.TaskProcessor - Starting process > SIMPLE:SKIP_MOBSUITE
Dec-17 12:18:17.373 [main] DEBUG nextflow.processor.TaskProcessor - Starting process > SIMPLE:SKIP_COPLA
Dec-17 12:18:17.373 [main] DEBUG nextflow.processor.TaskProcessor - Starting process > SIMPLE:SKIP_QC
Dec-17 12:18:17.373 [main] DEBUG nextflow.processor.TaskProcessor - Starting process > SIMPLE:PARSE_NATURAL
Dec-17 12:18:17.373 [main] DEBUG nextflow.processor.TaskProcessor - Starting process > SIMPLE:CLASSIFY
Dec-17 12:18:17.373 [main] DEBUG nextflow.processor.TaskProcessor - Starting process > SIMPLE:EXPORT_PARQUET
Dec-17 12:18:17.373 [main] DEBUG nextflow.script.ScriptRunner - Parsed script files:
  Script_8979ef0fc8dad19e: /Users/mcclainthiel/Projects/PhD/plasmid-pretraining/src/nextflow/modules/classify.nf
  Script_f1e84250ce4f1623: /Users/mcclainthiel/Projects/PhD/plasmid-pretraining/src/nextflow/modules/scan_engineered.nf
  Script_559eb44851f0aa9d: /Users/mcclainthiel/Projects/PhD/plasmid-pretraining/src/nextflow/main.nf
  Script_80c562ffaf78504a: /Users/mcclainthiel/Projects/PhD/plasmid-pretraining/src/nextflow/modules/seq_qc.nf
  Script_83695065f671b4c0: /Users/mcclainthiel/Projects/PhD/plasmid-pretraining/src/nextflow/modules/setup.nf
  Script_3e80511d4dfb1aa3: /Users/mcclainthiel/Projects/PhD/plasmid-pretraining/src/nextflow/modules/scan_natural.nf
  Script_e86988c71e9920ba: /Users/mcclainthiel/Projects/PhD/plasmid-pretraining/src/nextflow/modules/normalize.nf
  Script_c9c5405b5605e657: /Users/mcclainthiel/Projects/PhD/plasmid-pretraining/src/nextflow/modules/export.nf
Dec-17 12:18:17.373 [main] DEBUG nextflow.script.ScriptRunner - > Awaiting termination 
Dec-17 12:18:17.373 [main] DEBUG nextflow.Session - Session await
Dec-17 12:18:17.374 [PathVisitor-1] DEBUG nextflow.file.PathVisitor - files for syntax: glob; folder: tests/data/; pattern: *.gbk; options: [checkIfExists:true]
Dec-17 12:18:17.439 [Task submitter] WARN  n.executor.BashWrapperBuilder - Task runtime metrics are not reported when using macOS without a container engine
Dec-17 12:18:17.459 [Task submitter] DEBUG n.executor.local.LocalTaskHandler - Launch cmd line: /bin/bash -ue .command.run
Dec-17 12:18:17.460 [Task submitter] INFO  nextflow.Session - [a4/c0a066] Submitted process > SIMPLE:NORMALIZE (GenBank AAEN01000030.1)
Dec-17 12:18:17.466 [Task submitter] DEBUG n.executor.local.LocalTaskHandler - Launch cmd line: /bin/bash -ue .command.run
Dec-17 12:18:17.466 [Task submitter] INFO  nextflow.Session - [df/458135] Submitted process > SIMPLE:NORMALIZE (GenBank AAEK01000038.1)
Dec-17 12:18:17.470 [Task submitter] DEBUG n.executor.local.LocalTaskHandler - Launch cmd line: /bin/bash -ue .command.run
Dec-17 12:18:17.471 [Task submitter] INFO  nextflow.Session - [a2/50215e] Submitted process > SIMPLE:NORMALIZE (GenBank AADR01000058.1)
Dec-17 12:18:17.474 [Task submitter] DEBUG n.executor.local.LocalTaskHandler - Launch cmd line: /bin/bash -ue .command.run
Dec-17 12:18:17.475 [Task submitter] INFO  nextflow.Session - [45/6744db] Submitted process > SIMPLE:NORMALIZE (GenBank AAEK01000036.1)
Dec-17 12:18:17.480 [Task submitter] DEBUG n.executor.local.LocalTaskHandler - Launch cmd line: /bin/bash -ue .command.run
Dec-17 12:18:17.482 [Task submitter] INFO  nextflow.Session - [80/7382b8] Submitted process > SIMPLE:NORMALIZE (GenBank AAEN01000029.1)
Dec-17 12:18:17.492 [Task submitter] DEBUG n.executor.local.LocalTaskHandler - Launch cmd line: /bin/bash -ue .command.run
Dec-17 12:18:17.493 [Task submitter] INFO  nextflow.Session - [82/0d5038] Submitted process > SIMPLE:NORMALIZE (GenBank AAEO01000041)
Dec-17 12:18:17.500 [Task submitter] DEBUG n.executor.local.LocalTaskHandler - Launch cmd line: /bin/bash -ue .command.run
Dec-17 12:18:17.501 [Task submitter] INFO  nextflow.Session - [35/ef3230] Submitted process > SIMPLE:NORMALIZE (GenBank AAEK01000020.1)
Dec-17 12:18:17.508 [Task submitter] DEBUG n.executor.local.LocalTaskHandler - Launch cmd line: /bin/bash -ue .command.run
Dec-17 12:18:17.508 [Task submitter] INFO  nextflow.Session - [df/f45e3d] Submitted process > SIMPLE:NORMALIZE (GenBank AAEO01000042)
Dec-17 12:18:17.514 [Task submitter] DEBUG n.executor.local.LocalTaskHandler - Launch cmd line: /bin/bash -ue .command.run
Dec-17 12:18:17.515 [Task submitter] INFO  nextflow.Session - [ee/b12363] Submitted process > SIMPLE:NORMALIZE (GenBank AAEK01000004.1)
Dec-17 12:18:17.521 [Task submitter] DEBUG n.executor.local.LocalTaskHandler - Launch cmd line: /bin/bash -ue .command.run
Dec-17 12:18:17.521 [Task submitter] INFO  nextflow.Session - [c1/94a2d8] Submitted process > SIMPLE:NORMALIZE (GenBank AAEP01000051.1)
Dec-17 12:18:17.803 [Task monitor] DEBUG n.processor.TaskPollingMonitor - Task completed > TaskHandler[id: 5; name: SIMPLE:NORMALIZE (GenBank AAEK01000020.1); status: COMPLETED; exit: 1; error: -; workDir: /Users/mcclainthiel/Projects/PhD/plasmid-pretraining/work/35/ef3230eb4c6f4e1740dcd257d4399f]
Dec-17 12:18:17.803 [Task monitor] DEBUG nextflow.util.ThreadPoolBuilder - Creating thread pool 'TaskFinalizer' minSize=10; maxSize=30; workQueue=LinkedBlockingQueue[-1]; allowCoreThreadTimeout=false
Dec-17 12:18:17.805 [Task monitor] DEBUG n.processor.TaskPollingMonitor - Task completed > TaskHandler[id: 4; name: SIMPLE:NORMALIZE (GenBank AAEK01000004.1); status: COMPLETED; exit: 1; error: -; workDir: /Users/mcclainthiel/Projects/PhD/plasmid-pretraining/work/ee/b12363f9088edb3a765923240674aa]
Dec-17 12:18:17.808 [Task monitor] DEBUG n.processor.TaskPollingMonitor - Task completed > TaskHandler[id: 1; name: SIMPLE:NORMALIZE (GenBank AAEN01000030.1); status: COMPLETED; exit: 1; error: -; workDir: /Users/mcclainthiel/Projects/PhD/plasmid-pretraining/work/a4/c0a066bebfb839d2158247dcdfdf79]
Dec-17 12:18:17.808 [Task submitter] DEBUG n.executor.local.LocalTaskHandler - Launch cmd line: /bin/bash -ue .command.run
Dec-17 12:18:17.808 [Task submitter] INFO  nextflow.Session - [bb/0a0b12] Submitted process > SIMPLE:NORMALIZE (GenBank AAEO01000040)
Dec-17 12:18:17.809 [Task monitor] DEBUG n.processor.TaskPollingMonitor - Task completed > TaskHandler[id: 3; name: SIMPLE:NORMALIZE (GenBank AAEK01000038.1); status: COMPLETED; exit: 1; error: -; workDir: /Users/mcclainthiel/Projects/PhD/plasmid-pretraining/work/df/4581352050846dabca6716a9e84be0]
Dec-17 12:18:17.810 [Task monitor] DEBUG n.processor.TaskPollingMonitor - Task completed > TaskHandler[id: 9; name: SIMPLE:NORMALIZE (GenBank AADR01000058.1); status: COMPLETED; exit: 1; error: -; workDir: /Users/mcclainthiel/Projects/PhD/plasmid-pretraining/work/a2/50215e386244bf9a35fa3cd1cba62d]
Dec-17 12:18:17.811 [Task monitor] DEBUG n.processor.TaskPollingMonitor - Task completed > TaskHandler[id: 7; name: SIMPLE:NORMALIZE (GenBank AAEK01000036.1); status: COMPLETED; exit: 1; error: -; workDir: /Users/mcclainthiel/Projects/PhD/plasmid-pretraining/work/45/6744dbbb7f7582cfca8188e9bf3a4a]
Dec-17 12:18:17.811 [TaskFinalizer-1] DEBUG nextflow.processor.TaskProcessor - Handling unexpected condition for
  task: name=SIMPLE:NORMALIZE (GenBank AAEK01000020.1); work-dir=/Users/mcclainthiel/Projects/PhD/plasmid-pretraining/work/35/ef3230eb4c6f4e1740dcd257d4399f
  error [nextflow.exception.ProcessFailedException]: Process `SIMPLE:NORMALIZE (GenBank AAEK01000020.1)` terminated with an error exit status (1)
Dec-17 12:18:17.812 [Task monitor] DEBUG n.processor.TaskPollingMonitor - Task completed > TaskHandler[id: 2; name: SIMPLE:NORMALIZE (GenBank AAEN01000029.1); status: COMPLETED; exit: 1; error: -; workDir: /Users/mcclainthiel/Projects/PhD/plasmid-pretraining/work/80/7382b840a0c94429a1e762da2926cf]
Dec-17 12:18:17.813 [Task monitor] DEBUG n.processor.TaskPollingMonitor - Task completed > TaskHandler[id: 10; name: SIMPLE:NORMALIZE (GenBank AAEO01000041); status: COMPLETED; exit: 1; error: -; workDir: /Users/mcclainthiel/Projects/PhD/plasmid-pretraining/work/82/0d5038f56a92f454e693ac31107a9e]
Dec-17 12:18:17.814 [Task monitor] DEBUG n.processor.TaskPollingMonitor - Task completed > TaskHandler[id: 8; name: SIMPLE:NORMALIZE (GenBank AAEO01000042); status: COMPLETED; exit: 1; error: -; workDir: /Users/mcclainthiel/Projects/PhD/plasmid-pretraining/work/df/f45e3d8fb69882f78d69750cea8140]
Dec-17 12:18:17.815 [Task monitor] DEBUG n.processor.TaskPollingMonitor - Task completed > TaskHandler[id: 6; name: SIMPLE:NORMALIZE (GenBank AAEP01000051.1); status: COMPLETED; exit: 1; error: -; workDir: /Users/mcclainthiel/Projects/PhD/plasmid-pretraining/work/c1/94a2d8223bc80d44f004fabb38db86]
Dec-17 12:18:17.821 [TaskFinalizer-1] ERROR nextflow.processor.TaskProcessor - Error executing process > 'SIMPLE:NORMALIZE (GenBank AAEK01000020.1)'

Caused by:
  Process `SIMPLE:NORMALIZE (GenBank AAEK01000020.1)` terminated with an error exit status (1)


Command executed:

  normalize.py \
      --input 'GenBank\ AAEK01000020.1.gbk' \
      --output-fasta 'GenBank_AAEK01000020.1.fasta' \
      --output-meta 'GenBank_AAEK01000020.1_meta.json'

Command exit status:
  1

Command output:
  (empty)

Command error:
  Traceback (most recent call last):
    File "/Users/mcclainthiel/Projects/PhD/plasmid-pretraining/src/nextflow/bin/normalize.py", line 376, in <module>
      main()
    File "/Users/mcclainthiel/Projects/PhD/plasmid-pretraining/src/nextflow/bin/normalize.py", line 353, in main
      metadata = parse_genbank(input_path)
                 ^^^^^^^^^^^^^^^^^^^^^^^^^
    File "/Users/mcclainthiel/Projects/PhD/plasmid-pretraining/src/nextflow/bin/normalize.py", line 213, in parse_genbank
      with open(filepath, "r") as f:
           ^^^^^^^^^^^^^^^^^^^
  FileNotFoundError: [Errno 2] No such file or directory: 'GenBank\\ AAEK01000020.1.gbk'

Work dir:
  /Users/mcclainthiel/Projects/PhD/plasmid-pretraining/work/35/ef3230eb4c6f4e1740dcd257d4399f

Tip: you can replicate the issue by changing to the process work dir and entering the command `bash .command.run`
Dec-17 12:18:17.822 [TaskFinalizer-10] DEBUG nextflow.processor.TaskProcessor - Handling unexpected condition for
  task: name=SIMPLE:NORMALIZE (GenBank AAEP01000051.1); work-dir=/Users/mcclainthiel/Projects/PhD/plasmid-pretraining/work/c1/94a2d8223bc80d44f004fabb38db86
  error [nextflow.exception.ProcessFailedException]: Process `SIMPLE:NORMALIZE (GenBank AAEP01000051.1)` terminated with an error exit status (1)
Dec-17 12:18:17.823 [TaskFinalizer-9] DEBUG nextflow.processor.TaskProcessor - Handling unexpected condition for
  task: name=SIMPLE:NORMALIZE (GenBank AAEO01000042); work-dir=/Users/mcclainthiel/Projects/PhD/plasmid-pretraining/work/df/f45e3d8fb69882f78d69750cea8140
  error [nextflow.exception.ProcessFailedException]: Process `SIMPLE:NORMALIZE (GenBank AAEO01000042)` terminated with an error exit status (1)
Dec-17 12:18:17.823 [TaskFinalizer-8] DEBUG nextflow.processor.TaskProcessor - Handling unexpected condition for
  task: name=SIMPLE:NORMALIZE (GenBank AAEO01000041); work-dir=/Users/mcclainthiel/Projects/PhD/plasmid-pretraining/work/82/0d5038f56a92f454e693ac31107a9e
  error [nextflow.exception.ProcessFailedException]: Process `SIMPLE:NORMALIZE (GenBank AAEO01000041)` terminated with an error exit status (1)
Dec-17 12:18:17.824 [TaskFinalizer-7] DEBUG nextflow.processor.TaskProcessor - Handling unexpected condition for
  task: name=SIMPLE:NORMALIZE (GenBank AAEN01000029.1); work-dir=/Users/mcclainthiel/Projects/PhD/plasmid-pretraining/work/80/7382b840a0c94429a1e762da2926cf
  error [nextflow.exception.ProcessFailedException]: Process `SIMPLE:NORMALIZE (GenBank AAEN01000029.1)` terminated with an error exit status (1)
Dec-17 12:18:17.824 [TaskFinalizer-6] DEBUG nextflow.processor.TaskProcessor - Handling unexpected condition for
  task: name=SIMPLE:NORMALIZE (GenBank AAEK01000036.1); work-dir=/Users/mcclainthiel/Projects/PhD/plasmid-pretraining/work/45/6744dbbb7f7582cfca8188e9bf3a4a
  error [nextflow.exception.ProcessFailedException]: Process `SIMPLE:NORMALIZE (GenBank AAEK01000036.1)` terminated with an error exit status (1)
Dec-17 12:18:17.824 [TaskFinalizer-5] DEBUG nextflow.processor.TaskProcessor - Handling unexpected condition for
  task: name=SIMPLE:NORMALIZE (GenBank AADR01000058.1); work-dir=/Users/mcclainthiel/Projects/PhD/plasmid-pretraining/work/a2/50215e386244bf9a35fa3cd1cba62d
  error [nextflow.exception.ProcessFailedException]: Process `SIMPLE:NORMALIZE (GenBank AADR01000058.1)` terminated with an error exit status (1)
Dec-17 12:18:17.825 [TaskFinalizer-4] DEBUG nextflow.processor.TaskProcessor - Handling unexpected condition for
  task: name=SIMPLE:NORMALIZE (GenBank AAEK01000038.1); work-dir=/Users/mcclainthiel/Projects/PhD/plasmid-pretraining/work/df/4581352050846dabca6716a9e84be0
  error [nextflow.exception.ProcessFailedException]: Process `SIMPLE:NORMALIZE (GenBank AAEK01000038.1)` terminated with an error exit status (1)
Dec-17 12:18:17.825 [TaskFinalizer-3] DEBUG nextflow.processor.TaskProcessor - Handling unexpected condition for
  task: name=SIMPLE:NORMALIZE (GenBank AAEN01000030.1); work-dir=/Users/mcclainthiel/Projects/PhD/plasmid-pretraining/work/a4/c0a066bebfb839d2158247dcdfdf79
  error [nextflow.exception.ProcessFailedException]: Process `SIMPLE:NORMALIZE (GenBank AAEN01000030.1)` terminated with an error exit status (1)
Dec-17 12:18:17.825 [TaskFinalizer-2] DEBUG nextflow.processor.TaskProcessor - Handling unexpected condition for
  task: name=SIMPLE:NORMALIZE (GenBank AAEK01000004.1); work-dir=/Users/mcclainthiel/Projects/PhD/plasmid-pretraining/work/ee/b12363f9088edb3a765923240674aa
  error [nextflow.exception.ProcessFailedException]: Process `SIMPLE:NORMALIZE (GenBank AAEK01000004.1)` terminated with an error exit status (1)
Dec-17 12:18:17.830 [TaskFinalizer-1] DEBUG nextflow.Session - Session aborted -- Cause: Process `SIMPLE:NORMALIZE (GenBank AAEK01000020.1)` terminated with an error exit status (1)
Dec-17 12:18:17.840 [TaskFinalizer-1] DEBUG nextflow.Session - The following nodes are still active:
[process] SIMPLE:SCAN_ENGINEERED
  status=ACTIVE
  port 0: (queue) OPEN  ; channel: -
  port 1: (cntrl) -     ; channel: $

[process] SIMPLE:SKIP_BAKTA
  status=ACTIVE
  port 0: (queue) OPEN  ; channel: -
  port 1: (cntrl) -     ; channel: $

[process] SIMPLE:SKIP_MOBSUITE
  status=ACTIVE
  port 0: (queue) OPEN  ; channel: -
  port 1: (cntrl) -     ; channel: $

[process] SIMPLE:SKIP_COPLA
  status=ACTIVE
  port 0: (queue) OPEN  ; channel: -
  port 1: (cntrl) -     ; channel: $

[process] SIMPLE:SKIP_QC
  status=ACTIVE
  port 0: (queue) OPEN  ; channel: -
  port 1: (cntrl) -     ; channel: $

[process] SIMPLE:PARSE_NATURAL
  status=ACTIVE
  port 0: (queue) OPEN  ; channel: -
  port 1: (cntrl) -     ; channel: $

[process] SIMPLE:CLASSIFY
  status=ACTIVE
  port 0: (queue) OPEN  ; channel: -
  port 1: (cntrl) -     ; channel: $

[process] SIMPLE:EXPORT_PARQUET
  status=ACTIVE
  port 0: (value) OPEN  ; channel: classified_jsons
  port 1: (cntrl) -     ; channel: $

Dec-17 12:18:17.842 [TaskFinalizer-1] INFO  nextflow.Nextflow - 
===========================================
Pipeline completed!
===========================================
Status    : FAILED
Duration  : 1.1s
Output    : test_results

Results:
  - Normalized:  test_results/normalized/
  - Engineered:  test_results/engineered_scan/
  - Natural:     test_results/natural_scan/
  - QC:          test_results/seq_qc/
  - Classified:  test_results/classified/
  - Final:       test_results/final/plasmids.parquet
===========================================

Dec-17 12:18:17.845 [TaskFinalizer-1] WARN  n.processor.TaskPollingMonitor - Killing running tasks (1)
Dec-17 12:18:17.855 [TaskFinalizer-1] DEBUG n.trace.WorkflowStatsObserver - Workflow completed > WorkflowStats[succeededCount=0; failedCount=10; ignoredCount=0; cachedCount=0; pendingCount=0; submittedCount=0; runningCount=0; retriesCount=0; abortedCount=1; succeedDuration=0ms; failedDuration=2.7s; cachedDuration=0ms;loadCpus=0; loadMemory=0; peakRunning=10; peakCpus=10; peakMemory=20 GB; ]
Dec-17 12:18:17.872 [Task monitor] DEBUG n.processor.TaskPollingMonitor - <<< barrier arrives (monitor: local) - terminating tasks monitor poll loop
Dec-17 12:18:18.039 [TaskFinalizer-1] WARN  nextflow.dag.GraphvizRenderer - Graphviz is required to render the execution DAG in the given format -- See http://www.graphviz.org for more info.
Dec-17 12:18:18.039 [TaskFinalizer-1] DEBUG nextflow.trace.ReportObserver - Workflow completed -- rendering execution report
Dec-17 12:18:18.518 [TaskFinalizer-1] DEBUG nextflow.trace.TimelineObserver - Workflow completed -- rendering execution timeline
Dec-17 12:18:18.567 [TaskFinalizer-1] DEBUG nextflow.trace.TraceFileObserver - Workflow completed -- saving trace file
Dec-17 12:18:18.569 [TaskFinalizer-1] ERROR nextflow.Nextflow - Pipeline failed: Traceback (most recent call last):
  File "/Users/mcclainthiel/Projects/PhD/plasmid-pretraining/src/nextflow/bin/normalize.py", line 376, in <module>
    main()
  File "/Users/mcclainthiel/Projects/PhD/plasmid-pretraining/src/nextflow/bin/normalize.py", line 353, in main
    metadata = parse_genbank(input_path)
               ^^^^^^^^^^^^^^^^^^^^^^^^^
  File "/Users/mcclainthiel/Projects/PhD/plasmid-pretraining/src/nextflow/bin/normalize.py", line 213, in parse_genbank
    with open(filepath, "r") as f:
         ^^^^^^^^^^^^^^^^^^^
FileNotFoundError: [Errno 2] No such file or directory: 'GenBank\\ AAEK01000020.1.gbk'
Dec-17 12:18:18.570 [main] DEBUG nextflow.Session - Session await > all processes finished
Dec-17 12:18:18.570 [main] DEBUG nextflow.Session - Session await > all barriers passed
Dec-17 12:18:18.571 [main] DEBUG n.trace.WorkflowStatsObserver - Workflow completed > WorkflowStats[succeededCount=0; failedCount=10; ignoredCount=0; cachedCount=0; pendingCount=0; submittedCount=0; runningCount=0; retriesCount=0; abortedCount=1; succeedDuration=0ms; failedDuration=2.7s; cachedDuration=0ms;loadCpus=0; loadMemory=0; peakRunning=10; peakCpus=10; peakMemory=20 GB; ]
Dec-17 12:18:18.579 [main] WARN  nextflow.dag.GraphvizRenderer - Graphviz is required to render the execution DAG in the given format -- See http://www.graphviz.org for more info.
Dec-17 12:18:18.579 [main] DEBUG nextflow.trace.ReportObserver - Workflow completed -- rendering execution report
Dec-17 12:18:19.030 [main] DEBUG nextflow.trace.TimelineObserver - Workflow completed -- rendering execution timeline
Dec-17 12:18:19.074 [main] DEBUG nextflow.trace.TraceFileObserver - Workflow completed -- saving trace file
Dec-17 12:18:19.076 [main] DEBUG nextflow.cache.CacheDB - Closing CacheDB done
Dec-17 12:18:19.085 [main] DEBUG nextflow.script.ScriptRunner - > Execution complete -- Goodbye
