Dec-17 12:17:07.383 [main] DEBUG nextflow.cli.Launcher - $> nextflow run src/nextflow/main.nf -entry SIMPLE --input_pattern 'tests/data/*.gbk' --outdir test_results
Dec-17 12:17:07.412 [main] DEBUG nextflow.cli.CmdRun - N E X T F L O W  ~  version 25.10.2
Dec-17 12:17:07.422 [main] DEBUG nextflow.plugin.PluginsFacade - Setting up plugin manager > mode=prod; embedded=false; plugins-dir=/Users/mcclainthiel/.nextflow/plugins; core-plugins: nf-amazon@3.4.2,nf-azure@1.20.2,nf-cloudcache@0.5.0,nf-codecommit@0.5.0,nf-console@1.3.0,nf-google@1.23.3,nf-k8s@1.2.2,nf-tower@1.17.3,nf-wave@1.16.1
Dec-17 12:17:07.430 [main] INFO  o.pf4j.DefaultPluginStatusProvider - Enabled plugins: []
Dec-17 12:17:07.431 [main] INFO  o.pf4j.DefaultPluginStatusProvider - Disabled plugins: []
Dec-17 12:17:07.432 [main] INFO  org.pf4j.DefaultPluginManager - PF4J version 3.12.0 in 'deployment' mode
Dec-17 12:17:07.437 [main] DEBUG nextflow.util.RetryConfig - Missing nextflow session - using default retry config
Dec-17 12:17:07.494 [main] INFO  org.pf4j.AbstractPluginManager - No plugins
Dec-17 12:17:07.504 [main] DEBUG nextflow.config.ConfigBuilder - Found config base: /Users/mcclainthiel/Projects/PhD/plasmid-pretraining/src/nextflow/nextflow.config
Dec-17 12:17:07.505 [main] DEBUG nextflow.config.ConfigBuilder - Parsing config file: /Users/mcclainthiel/Projects/PhD/plasmid-pretraining/src/nextflow/nextflow.config
Dec-17 12:17:07.515 [main] DEBUG nextflow.config.ConfigBuilder - Applying config profile: `standard`
Dec-17 12:17:07.736 [main] DEBUG nextflow.plugin.PluginsFacade - Plugins default=[]
Dec-17 12:17:07.737 [main] DEBUG nextflow.plugin.PluginsFacade - Plugins resolved requirement=[]
Dec-17 12:17:07.743 [main] DEBUG n.secret.LocalSecretsProvider - Secrets store: /Users/mcclainthiel/.nextflow/secrets/store.json
Dec-17 12:17:07.744 [main] DEBUG nextflow.secret.SecretsLoader - Discovered secrets providers: [nextflow.secret.LocalSecretsProvider@6848a051] - activable => nextflow.secret.LocalSecretsProvider@6848a051
Dec-17 12:17:07.745 [main] DEBUG nextflow.cli.CmdRun - Applied DSL=2 from script declaration
Dec-17 12:17:07.752 [main] DEBUG nextflow.cli.CmdRun - Launching `src/nextflow/main.nf` [distraught_gilbert] DSL2 - revision: c7f68c841d
Dec-17 12:17:07.771 [main] DEBUG nextflow.Session - Session UUID: 62684174-c969-42a8-b52f-a4ad820ab506
Dec-17 12:17:07.771 [main] DEBUG nextflow.Session - Run name: distraught_gilbert
Dec-17 12:17:07.771 [main] DEBUG nextflow.Session - Executor pool size: 10
Dec-17 12:17:07.774 [main] DEBUG nextflow.file.FilePorter - File porter settings maxRetries=3; maxTransfers=50; pollTimeout=null
Dec-17 12:17:07.776 [main] DEBUG nextflow.util.ThreadPoolBuilder - Creating thread pool 'FileTransfer' minSize=10; maxSize=30; workQueue=LinkedBlockingQueue[-1]; allowCoreThreadTimeout=false
Dec-17 12:17:07.786 [main] DEBUG nextflow.cli.CmdRun - 
  Version: 25.10.2 build 10555
  Created: 28-11-2025 19:24 UTC (11:24 PDT)
  System: Mac OS X 15.6
  Runtime: Groovy 4.0.28 on OpenJDK 64-Bit Server VM 17.0.17+0
  Encoding: UTF-8 (UTF-8)
  Process: 56415@MacBook-Air-2.local [127.0.0.1]
  CPUs: 10 - Mem: 24 GB (66.7 MB) - Swap: 2 GB (1.1 GB)
Dec-17 12:17:07.792 [main] DEBUG nextflow.Session - Work-dir: /Users/mcclainthiel/Projects/PhD/plasmid-pretraining/work [Mac OS X]
Dec-17 12:17:07.804 [main] DEBUG nextflow.executor.ExecutorFactory - Extension executors providers=[]
Dec-17 12:17:07.814 [main] DEBUG nextflow.Session - Observer factory (v2): LinObserverFactory
Dec-17 12:17:07.815 [main] DEBUG nextflow.Session - Observer factory (v2): DefaultObserverFactory
Dec-17 12:17:07.840 [main] DEBUG nextflow.cache.CacheFactory - Using Nextflow cache factory: nextflow.cache.DefaultCacheFactory
Dec-17 12:17:07.844 [main] DEBUG nextflow.util.CustomThreadPool - Creating default thread pool > poolSize: 11; maxThreads: 1000
Dec-17 12:17:07.865 [main] DEBUG nextflow.Session - Session start
Dec-17 12:17:07.867 [main] DEBUG nextflow.trace.TraceFileObserver - Workflow started -- trace file: test_results/pipeline_info/trace.txt
Dec-17 12:17:08.013 [main] DEBUG nextflow.script.ScriptRunner - > Launching execution
Dec-17 12:17:08.318 [main] INFO  nextflow.Nextflow - 
===========================================
 S P A C E   P I P E L I N E   v0.1.0
===========================================
Scalable Plasmid Annotation & Classification Engine

Input pattern : tests/data/*.gbk
Output dir    : test_results
Profile       : standard

Skip Bakta    : false
Skip MOB-suite: false
Skip COPLA    : false
Skip QC       : false
===========================================

Dec-17 12:17:08.360 [main] DEBUG n.script.dsl.ProcessConfigBuilder - Config settings `withName:NORMALIZE` matches process SIMPLE:NORMALIZE
Dec-17 12:17:08.364 [main] DEBUG nextflow.executor.ExecutorFactory - << taskConfig executor: local
Dec-17 12:17:08.365 [main] DEBUG nextflow.executor.ExecutorFactory - >> processorType: 'local'
Dec-17 12:17:08.368 [main] DEBUG nextflow.executor.Executor - [warm up] executor > local
Dec-17 12:17:08.370 [main] DEBUG n.processor.LocalPollingMonitor - Creating local task monitor for executor 'local' > cpus=10; memory=24 GB; capacity=10; pollInterval=100ms; dumpInterval=5m
Dec-17 12:17:08.372 [main] DEBUG n.processor.TaskPollingMonitor - >>> barrier register (monitor: local)
Dec-17 12:17:08.379 [main] DEBUG nextflow.processor.TaskProcessor - Creating process 'SIMPLE:NORMALIZE': maxForks=0; fair=false; array=0
Dec-17 12:17:08.391 [main] DEBUG n.script.dsl.ProcessConfigBuilder - Config settings `withName:SCAN_ENGINEERED` matches process SIMPLE:SCAN_ENGINEERED
Dec-17 12:17:08.392 [main] DEBUG nextflow.executor.ExecutorFactory - << taskConfig executor: local
Dec-17 12:17:08.392 [main] DEBUG nextflow.executor.ExecutorFactory - >> processorType: 'local'
Dec-17 12:17:08.392 [main] DEBUG nextflow.processor.TaskProcessor - Creating process 'SIMPLE:SCAN_ENGINEERED': maxForks=0; fair=false; array=0
Dec-17 12:17:08.394 [main] DEBUG nextflow.executor.ExecutorFactory - << taskConfig executor: local
Dec-17 12:17:08.395 [main] DEBUG nextflow.executor.ExecutorFactory - >> processorType: 'local'
Dec-17 12:17:08.395 [main] DEBUG nextflow.processor.TaskProcessor - Creating process 'SIMPLE:SKIP_BAKTA': maxForks=0; fair=false; array=0
Dec-17 12:17:08.397 [main] DEBUG nextflow.executor.ExecutorFactory - << taskConfig executor: local
Dec-17 12:17:08.397 [main] DEBUG nextflow.executor.ExecutorFactory - >> processorType: 'local'
Dec-17 12:17:08.397 [main] DEBUG nextflow.processor.TaskProcessor - Creating process 'SIMPLE:SKIP_MOBSUITE': maxForks=0; fair=false; array=0
Dec-17 12:17:08.399 [main] DEBUG nextflow.executor.ExecutorFactory - << taskConfig executor: local
Dec-17 12:17:08.399 [main] DEBUG nextflow.executor.ExecutorFactory - >> processorType: 'local'
Dec-17 12:17:08.399 [main] DEBUG nextflow.processor.TaskProcessor - Creating process 'SIMPLE:SKIP_COPLA': maxForks=0; fair=false; array=0
Dec-17 12:17:08.401 [main] DEBUG nextflow.executor.ExecutorFactory - << taskConfig executor: local
Dec-17 12:17:08.401 [main] DEBUG nextflow.executor.ExecutorFactory - >> processorType: 'local'
Dec-17 12:17:08.401 [main] DEBUG nextflow.processor.TaskProcessor - Creating process 'SIMPLE:SKIP_QC': maxForks=0; fair=false; array=0
Dec-17 12:17:08.406 [main] DEBUG n.script.dsl.ProcessConfigBuilder - Config settings `withName:PARSE_NATURAL` matches process SIMPLE:PARSE_NATURAL
Dec-17 12:17:08.407 [main] DEBUG nextflow.executor.ExecutorFactory - << taskConfig executor: local
Dec-17 12:17:08.407 [main] DEBUG nextflow.executor.ExecutorFactory - >> processorType: 'local'
Dec-17 12:17:08.408 [main] DEBUG nextflow.processor.TaskProcessor - Creating process 'SIMPLE:PARSE_NATURAL': maxForks=0; fair=false; array=0
Dec-17 12:17:08.411 [main] DEBUG n.script.dsl.ProcessConfigBuilder - Config settings `withName:CLASSIFY` matches process SIMPLE:CLASSIFY
Dec-17 12:17:08.412 [main] DEBUG nextflow.executor.ExecutorFactory - << taskConfig executor: local
Dec-17 12:17:08.412 [main] DEBUG nextflow.executor.ExecutorFactory - >> processorType: 'local'
Dec-17 12:17:08.413 [main] DEBUG nextflow.processor.TaskProcessor - Creating process 'SIMPLE:CLASSIFY': maxForks=0; fair=false; array=0
Dec-17 12:17:08.417 [main] DEBUG n.script.dsl.ProcessConfigBuilder - Config settings `withName:EXPORT_PARQUET` matches process SIMPLE:EXPORT_PARQUET
Dec-17 12:17:08.418 [main] DEBUG nextflow.executor.ExecutorFactory - << taskConfig executor: local
Dec-17 12:17:08.418 [main] DEBUG nextflow.executor.ExecutorFactory - >> processorType: 'local'
Dec-17 12:17:08.418 [main] DEBUG nextflow.processor.TaskProcessor - Creating process 'SIMPLE:EXPORT_PARQUET': maxForks=0; fair=false; array=0
Dec-17 12:17:08.420 [main] DEBUG nextflow.Session - Workflow process names [dsl2]: VERIFY_DATABASES, RUN_COPLA, SEQ_QC, SIMPLE:SCAN_ENGINEERED, SKIP_MOBSUITE, DOWNLOAD_BAKTA_DB, SIMPLE:SKIP_BAKTA, SIMPLE:EXPORT_PARQUET, SKIP_QC, SIMPLE:SKIP_MOBSUITE, SIMPLE:NORMALIZE, NORMALIZE, SIMPLE:CLASSIFY, PARSE_NATURAL, SIMPLE:SKIP_COPLA, SCAN_ENGINEERED, CLASSIFY, SKIP_COPLA, EXPORT_PARQUET, SIMPLE:SKIP_QC, RUN_BAKTA, RUN_MOBSUITE, SKIP_BAKTA, SIMPLE:PARSE_NATURAL, DOWNLOAD_COPLA_DB
Dec-17 12:17:08.422 [main] DEBUG nextflow.Session - Igniting dataflow network (10)
Dec-17 12:17:08.424 [main] DEBUG nextflow.processor.TaskProcessor - Starting process > SIMPLE:NORMALIZE
Dec-17 12:17:08.424 [main] DEBUG nextflow.processor.TaskProcessor - Starting process > SIMPLE:SCAN_ENGINEERED
Dec-17 12:17:08.424 [main] DEBUG nextflow.processor.TaskProcessor - Starting process > SIMPLE:SKIP_BAKTA
Dec-17 12:17:08.424 [main] DEBUG nextflow.processor.TaskProcessor - Starting process > SIMPLE:SKIP_MOBSUITE
Dec-17 12:17:08.424 [main] DEBUG nextflow.processor.TaskProcessor - Starting process > SIMPLE:SKIP_COPLA
Dec-17 12:17:08.424 [main] DEBUG nextflow.processor.TaskProcessor - Starting process > SIMPLE:SKIP_QC
Dec-17 12:17:08.424 [main] DEBUG nextflow.processor.TaskProcessor - Starting process > SIMPLE:PARSE_NATURAL
Dec-17 12:17:08.424 [main] DEBUG nextflow.processor.TaskProcessor - Starting process > SIMPLE:CLASSIFY
Dec-17 12:17:08.424 [main] DEBUG nextflow.processor.TaskProcessor - Starting process > SIMPLE:EXPORT_PARQUET
Dec-17 12:17:08.424 [PathVisitor-1] DEBUG nextflow.file.PathVisitor - files for syntax: glob; folder: tests/data/; pattern: *.gbk; options: [checkIfExists:true]
Dec-17 12:17:08.425 [main] DEBUG nextflow.script.ScriptRunner - Parsed script files:
  Script_8979ef0fc8dad19e: /Users/mcclainthiel/Projects/PhD/plasmid-pretraining/src/nextflow/modules/classify.nf
  Script_f1e84250ce4f1623: /Users/mcclainthiel/Projects/PhD/plasmid-pretraining/src/nextflow/modules/scan_engineered.nf
  Script_559eb44851f0aa9d: /Users/mcclainthiel/Projects/PhD/plasmid-pretraining/src/nextflow/main.nf
  Script_80c562ffaf78504a: /Users/mcclainthiel/Projects/PhD/plasmid-pretraining/src/nextflow/modules/seq_qc.nf
  Script_bf3b68b8d8862cb9: /Users/mcclainthiel/Projects/PhD/plasmid-pretraining/src/nextflow/modules/normalize.nf
  Script_83695065f671b4c0: /Users/mcclainthiel/Projects/PhD/plasmid-pretraining/src/nextflow/modules/setup.nf
  Script_3e80511d4dfb1aa3: /Users/mcclainthiel/Projects/PhD/plasmid-pretraining/src/nextflow/modules/scan_natural.nf
  Script_c9c5405b5605e657: /Users/mcclainthiel/Projects/PhD/plasmid-pretraining/src/nextflow/modules/export.nf
Dec-17 12:17:08.425 [main] DEBUG nextflow.script.ScriptRunner - > Awaiting termination 
Dec-17 12:17:08.425 [main] DEBUG nextflow.Session - Session await
Dec-17 12:17:08.507 [Task submitter] WARN  n.executor.BashWrapperBuilder - Task runtime metrics are not reported when using macOS without a container engine
Dec-17 12:17:08.514 [Task submitter] DEBUG n.executor.local.LocalTaskHandler - Launch cmd line: /bin/bash -ue .command.run
Dec-17 12:17:08.514 [Task submitter] INFO  nextflow.Session - [3f/4981a4] Submitted process > SIMPLE:NORMALIZE (GenBank AAEK01000004.1)
Dec-17 12:17:08.519 [Task submitter] DEBUG n.executor.local.LocalTaskHandler - Launch cmd line: /bin/bash -ue .command.run
Dec-17 12:17:08.520 [Task submitter] INFO  nextflow.Session - [e5/c090ee] Submitted process > SIMPLE:NORMALIZE (GenBank AAEN01000029.1)
Dec-17 12:17:08.523 [Task submitter] DEBUG n.executor.local.LocalTaskHandler - Launch cmd line: /bin/bash -ue .command.run
Dec-17 12:17:08.523 [Task submitter] INFO  nextflow.Session - [94/e8d64b] Submitted process > SIMPLE:NORMALIZE (GenBank AAEN01000030.1)
Dec-17 12:17:08.527 [Task submitter] DEBUG n.executor.local.LocalTaskHandler - Launch cmd line: /bin/bash -ue .command.run
Dec-17 12:17:08.528 [Task submitter] INFO  nextflow.Session - [12/39aea9] Submitted process > SIMPLE:NORMALIZE (GenBank AAEP01000051.1)
Dec-17 12:17:08.533 [Task submitter] DEBUG n.executor.local.LocalTaskHandler - Launch cmd line: /bin/bash -ue .command.run
Dec-17 12:17:08.534 [Task submitter] INFO  nextflow.Session - [cd/7f1c19] Submitted process > SIMPLE:NORMALIZE (GenBank AAEK01000036.1)
Dec-17 12:17:08.539 [Task submitter] DEBUG n.executor.local.LocalTaskHandler - Launch cmd line: /bin/bash -ue .command.run
Dec-17 12:17:08.540 [Task submitter] INFO  nextflow.Session - [a8/99fe07] Submitted process > SIMPLE:NORMALIZE (GenBank AAEO01000042)
Dec-17 12:17:08.546 [Task submitter] DEBUG n.executor.local.LocalTaskHandler - Launch cmd line: /bin/bash -ue .command.run
Dec-17 12:17:08.546 [Task submitter] INFO  nextflow.Session - [4c/1ce7f1] Submitted process > SIMPLE:NORMALIZE (GenBank AAEK01000020.1)
Dec-17 12:17:08.554 [Task submitter] DEBUG n.executor.local.LocalTaskHandler - Launch cmd line: /bin/bash -ue .command.run
Dec-17 12:17:08.556 [Task submitter] INFO  nextflow.Session - [5d/a82dca] Submitted process > SIMPLE:NORMALIZE (GenBank AAEO01000041)
Dec-17 12:17:08.560 [Task submitter] DEBUG n.executor.local.LocalTaskHandler - Launch cmd line: /bin/bash -ue .command.run
Dec-17 12:17:08.561 [Task submitter] INFO  nextflow.Session - [81/d40145] Submitted process > SIMPLE:NORMALIZE (GenBank AAEK01000038.1)
Dec-17 12:17:08.566 [Task submitter] DEBUG n.executor.local.LocalTaskHandler - Launch cmd line: /bin/bash -ue .command.run
Dec-17 12:17:08.567 [Task submitter] INFO  nextflow.Session - [68/7cfe8d] Submitted process > SIMPLE:NORMALIZE (GenBank AADR01000058.1)
Dec-17 12:17:08.801 [Task monitor] DEBUG n.processor.TaskPollingMonitor - Task completed > TaskHandler[id: 2; name: SIMPLE:NORMALIZE (GenBank AAEN01000029.1); status: COMPLETED; exit: 1; error: -; workDir: /Users/mcclainthiel/Projects/PhD/plasmid-pretraining/work/e5/c090eec26ac2bdadbc1a1686a30b00]
Dec-17 12:17:08.801 [Task monitor] DEBUG nextflow.util.ThreadPoolBuilder - Creating thread pool 'TaskFinalizer' minSize=10; maxSize=30; workQueue=LinkedBlockingQueue[-1]; allowCoreThreadTimeout=false
Dec-17 12:17:08.803 [Task monitor] DEBUG n.processor.TaskPollingMonitor - Task completed > TaskHandler[id: 1; name: SIMPLE:NORMALIZE (GenBank AAEN01000030.1); status: COMPLETED; exit: 1; error: -; workDir: /Users/mcclainthiel/Projects/PhD/plasmid-pretraining/work/94/e8d64b6bca2d984d04dbfd09cb6291]
Dec-17 12:17:08.804 [Task monitor] DEBUG n.processor.TaskPollingMonitor - Task completed > TaskHandler[id: 6; name: SIMPLE:NORMALIZE (GenBank AAEP01000051.1); status: COMPLETED; exit: 1; error: -; workDir: /Users/mcclainthiel/Projects/PhD/plasmid-pretraining/work/12/39aea91f922989a47aabb580871ec1]
Dec-17 12:17:08.804 [Task monitor] DEBUG n.processor.TaskPollingMonitor - Task completed > TaskHandler[id: 7; name: SIMPLE:NORMALIZE (GenBank AAEK01000036.1); status: COMPLETED; exit: 1; error: -; workDir: /Users/mcclainthiel/Projects/PhD/plasmid-pretraining/work/cd/7f1c19f26f0fc1f6cd93184d433954]
Dec-17 12:17:08.805 [Task submitter] DEBUG n.executor.local.LocalTaskHandler - Launch cmd line: /bin/bash -ue .command.run
Dec-17 12:17:08.805 [Task submitter] INFO  nextflow.Session - [7a/3ca8f6] Submitted process > SIMPLE:NORMALIZE (GenBank AAEO01000040)
Dec-17 12:17:08.806 [Task monitor] DEBUG n.processor.TaskPollingMonitor - Task completed > TaskHandler[id: 8; name: SIMPLE:NORMALIZE (GenBank AAEO01000042); status: COMPLETED; exit: 1; error: -; workDir: /Users/mcclainthiel/Projects/PhD/plasmid-pretraining/work/a8/99fe07ca65fb501f0e3fe4729983ab]
Dec-17 12:17:08.806 [Task monitor] DEBUG n.processor.TaskPollingMonitor - Task completed > TaskHandler[id: 5; name: SIMPLE:NORMALIZE (GenBank AAEK01000020.1); status: COMPLETED; exit: 1; error: -; workDir: /Users/mcclainthiel/Projects/PhD/plasmid-pretraining/work/4c/1ce7f17ba3377d7ef5ed902722485d]
Dec-17 12:17:08.807 [Task monitor] DEBUG n.processor.TaskPollingMonitor - Task completed > TaskHandler[id: 10; name: SIMPLE:NORMALIZE (GenBank AAEO01000041); status: COMPLETED; exit: 1; error: -; workDir: /Users/mcclainthiel/Projects/PhD/plasmid-pretraining/work/5d/a82dca03afc79115856cb229f1b40d]
Dec-17 12:17:08.808 [Task monitor] DEBUG n.processor.TaskPollingMonitor - Task completed > TaskHandler[id: 3; name: SIMPLE:NORMALIZE (GenBank AAEK01000038.1); status: COMPLETED; exit: 1; error: -; workDir: /Users/mcclainthiel/Projects/PhD/plasmid-pretraining/work/81/d40145658d07d66b77a6a1865a4b24]
Dec-17 12:17:08.809 [Task monitor] DEBUG n.processor.TaskPollingMonitor - Task completed > TaskHandler[id: 9; name: SIMPLE:NORMALIZE (GenBank AADR01000058.1); status: COMPLETED; exit: 1; error: -; workDir: /Users/mcclainthiel/Projects/PhD/plasmid-pretraining/work/68/7cfe8dba7abb687e5ce2c7a6c6f27e]
Dec-17 12:17:08.815 [TaskFinalizer-3] DEBUG nextflow.processor.TaskProcessor - Handling unexpected condition for
  task: name=SIMPLE:NORMALIZE (GenBank AAEP01000051.1); work-dir=/Users/mcclainthiel/Projects/PhD/plasmid-pretraining/work/12/39aea91f922989a47aabb580871ec1
  error [nextflow.exception.ProcessFailedException]: Process `SIMPLE:NORMALIZE (GenBank AAEP01000051.1)` terminated with an error exit status (1)
Dec-17 12:17:08.824 [TaskFinalizer-3] ERROR nextflow.processor.TaskProcessor - Error executing process > 'SIMPLE:NORMALIZE (GenBank AAEP01000051.1)'

Caused by:
  Process `SIMPLE:NORMALIZE (GenBank AAEP01000051.1)` terminated with an error exit status (1)


Command executed:

  normalize.py \
      --input "GenBank\ AAEP01000051.1.gbk" \
      --output-fasta "GenBank_AAEP01000051.1.fasta" \
      --output-meta "GenBank_AAEP01000051.1_meta.json"

Command exit status:
  1

Command output:
  (empty)

Command error:
  Traceback (most recent call last):
    File "/Users/mcclainthiel/Projects/PhD/plasmid-pretraining/src/nextflow/bin/normalize.py", line 376, in <module>
      main()
    File "/Users/mcclainthiel/Projects/PhD/plasmid-pretraining/src/nextflow/bin/normalize.py", line 353, in main
      metadata = parse_genbank(input_path)
                 ^^^^^^^^^^^^^^^^^^^^^^^^^
    File "/Users/mcclainthiel/Projects/PhD/plasmid-pretraining/src/nextflow/bin/normalize.py", line 213, in parse_genbank
      with open(filepath, "r") as f:
           ^^^^^^^^^^^^^^^^^^^
  FileNotFoundError: [Errno 2] No such file or directory: 'GenBank\\ AAEP01000051.1.gbk'

Work dir:
  /Users/mcclainthiel/Projects/PhD/plasmid-pretraining/work/12/39aea91f922989a47aabb580871ec1

Tip: you can replicate the issue by changing to the process work dir and entering the command `bash .command.run`
Dec-17 12:17:08.825 [TaskFinalizer-1] DEBUG nextflow.processor.TaskProcessor - Handling unexpected condition for
  task: name=SIMPLE:NORMALIZE (GenBank AAEN01000029.1); work-dir=/Users/mcclainthiel/Projects/PhD/plasmid-pretraining/work/e5/c090eec26ac2bdadbc1a1686a30b00
  error [nextflow.exception.ProcessFailedException]: Process `SIMPLE:NORMALIZE (GenBank AAEN01000029.1)` terminated with an error exit status (1)
Dec-17 12:17:08.826 [TaskFinalizer-2] DEBUG nextflow.processor.TaskProcessor - Handling unexpected condition for
  task: name=SIMPLE:NORMALIZE (GenBank AAEN01000030.1); work-dir=/Users/mcclainthiel/Projects/PhD/plasmid-pretraining/work/94/e8d64b6bca2d984d04dbfd09cb6291
  error [nextflow.exception.ProcessFailedException]: Process `SIMPLE:NORMALIZE (GenBank AAEN01000030.1)` terminated with an error exit status (1)
Dec-17 12:17:08.826 [TaskFinalizer-9] DEBUG nextflow.processor.TaskProcessor - Handling unexpected condition for
  task: name=SIMPLE:NORMALIZE (GenBank AADR01000058.1); work-dir=/Users/mcclainthiel/Projects/PhD/plasmid-pretraining/work/68/7cfe8dba7abb687e5ce2c7a6c6f27e
  error [nextflow.exception.ProcessFailedException]: Process `SIMPLE:NORMALIZE (GenBank AADR01000058.1)` terminated with an error exit status (1)
Dec-17 12:17:08.827 [TaskFinalizer-5] DEBUG nextflow.processor.TaskProcessor - Handling unexpected condition for
  task: name=SIMPLE:NORMALIZE (GenBank AAEO01000042); work-dir=/Users/mcclainthiel/Projects/PhD/plasmid-pretraining/work/a8/99fe07ca65fb501f0e3fe4729983ab
  error [nextflow.exception.ProcessFailedException]: Process `SIMPLE:NORMALIZE (GenBank AAEO01000042)` terminated with an error exit status (1)
Dec-17 12:17:08.827 [TaskFinalizer-4] DEBUG nextflow.processor.TaskProcessor - Handling unexpected condition for
  task: name=SIMPLE:NORMALIZE (GenBank AAEK01000036.1); work-dir=/Users/mcclainthiel/Projects/PhD/plasmid-pretraining/work/cd/7f1c19f26f0fc1f6cd93184d433954
  error [nextflow.exception.ProcessFailedException]: Process `SIMPLE:NORMALIZE (GenBank AAEK01000036.1)` terminated with an error exit status (1)
Dec-17 12:17:08.828 [TaskFinalizer-7] DEBUG nextflow.processor.TaskProcessor - Handling unexpected condition for
  task: name=SIMPLE:NORMALIZE (GenBank AAEO01000041); work-dir=/Users/mcclainthiel/Projects/PhD/plasmid-pretraining/work/5d/a82dca03afc79115856cb229f1b40d
  error [nextflow.exception.ProcessFailedException]: Process `SIMPLE:NORMALIZE (GenBank AAEO01000041)` terminated with an error exit status (1)
Dec-17 12:17:08.828 [TaskFinalizer-8] DEBUG nextflow.processor.TaskProcessor - Handling unexpected condition for
  task: name=SIMPLE:NORMALIZE (GenBank AAEK01000038.1); work-dir=/Users/mcclainthiel/Projects/PhD/plasmid-pretraining/work/81/d40145658d07d66b77a6a1865a4b24
  error [nextflow.exception.ProcessFailedException]: Process `SIMPLE:NORMALIZE (GenBank AAEK01000038.1)` terminated with an error exit status (1)
Dec-17 12:17:08.829 [TaskFinalizer-6] DEBUG nextflow.processor.TaskProcessor - Handling unexpected condition for
  task: name=SIMPLE:NORMALIZE (GenBank AAEK01000020.1); work-dir=/Users/mcclainthiel/Projects/PhD/plasmid-pretraining/work/4c/1ce7f17ba3377d7ef5ed902722485d
  error [nextflow.exception.ProcessFailedException]: Process `SIMPLE:NORMALIZE (GenBank AAEK01000020.1)` terminated with an error exit status (1)
Dec-17 12:17:08.833 [TaskFinalizer-3] DEBUG nextflow.Session - Session aborted -- Cause: Process `SIMPLE:NORMALIZE (GenBank AAEP01000051.1)` terminated with an error exit status (1)
Dec-17 12:17:08.846 [TaskFinalizer-3] DEBUG nextflow.Session - The following nodes are still active:
[process] SIMPLE:SCAN_ENGINEERED
  status=ACTIVE
  port 0: (queue) OPEN  ; channel: -
  port 1: (cntrl) -     ; channel: $

[process] SIMPLE:SKIP_BAKTA
  status=ACTIVE
  port 0: (queue) OPEN  ; channel: -
  port 1: (cntrl) -     ; channel: $

[process] SIMPLE:SKIP_MOBSUITE
  status=ACTIVE
  port 0: (queue) OPEN  ; channel: -
  port 1: (cntrl) -     ; channel: $

[process] SIMPLE:SKIP_COPLA
  status=ACTIVE
  port 0: (queue) OPEN  ; channel: -
  port 1: (cntrl) -     ; channel: $

[process] SIMPLE:SKIP_QC
  status=ACTIVE
  port 0: (queue) OPEN  ; channel: -
  port 1: (cntrl) -     ; channel: $

[process] SIMPLE:PARSE_NATURAL
  status=ACTIVE
  port 0: (queue) OPEN  ; channel: -
  port 1: (cntrl) -     ; channel: $

[process] SIMPLE:CLASSIFY
  status=ACTIVE
  port 0: (queue) OPEN  ; channel: -
  port 1: (cntrl) -     ; channel: $

[process] SIMPLE:EXPORT_PARQUET
  status=ACTIVE
  port 0: (value) OPEN  ; channel: classified_jsons
  port 1: (cntrl) -     ; channel: $

Dec-17 12:17:08.848 [TaskFinalizer-3] INFO  nextflow.Nextflow - 
===========================================
Pipeline completed!
===========================================
Status    : FAILED
Duration  : 1s
Output    : test_results

Results:
  - Normalized:  test_results/normalized/
  - Engineered:  test_results/engineered_scan/
  - Natural:     test_results/natural_scan/
  - QC:          test_results/seq_qc/
  - Classified:  test_results/classified/
  - Final:       test_results/final/plasmids.parquet
===========================================

Dec-17 12:17:08.850 [TaskFinalizer-3] WARN  n.processor.TaskPollingMonitor - Killing running tasks (2)
Dec-17 12:17:08.857 [TaskFinalizer-3] DEBUG n.executor.local.LocalTaskHandler - Unable to kill SIMPLE:NORMALIZE (GenBank AAEK01000004.1) -- command: kill -TERM 56451; exit: 1 
 bash: line 0: kill: (56451) - No such process

Dec-17 12:17:08.865 [TaskFinalizer-3] DEBUG n.trace.WorkflowStatsObserver - Workflow completed > WorkflowStats[succeededCount=0; failedCount=9; ignoredCount=0; cachedCount=0; pendingCount=0; submittedCount=0; runningCount=0; retriesCount=0; abortedCount=2; succeedDuration=0ms; failedDuration=1.9s; cachedDuration=0ms;loadCpus=0; loadMemory=0; peakRunning=10; peakCpus=10; peakMemory=20 GB; ]
Dec-17 12:17:08.882 [Task monitor] DEBUG n.processor.TaskPollingMonitor - <<< barrier arrives (monitor: local) - terminating tasks monitor poll loop
Dec-17 12:17:09.045 [TaskFinalizer-3] WARN  nextflow.dag.GraphvizRenderer - Graphviz is required to render the execution DAG in the given format -- See http://www.graphviz.org for more info.
Dec-17 12:17:09.046 [TaskFinalizer-3] DEBUG nextflow.trace.ReportObserver - Workflow completed -- rendering execution report
Dec-17 12:17:09.529 [TaskFinalizer-3] DEBUG nextflow.trace.TimelineObserver - Workflow completed -- rendering execution timeline
Dec-17 12:17:09.577 [TaskFinalizer-3] DEBUG nextflow.trace.TraceFileObserver - Workflow completed -- saving trace file
Dec-17 12:17:09.579 [TaskFinalizer-3] ERROR nextflow.Nextflow - Pipeline failed: Traceback (most recent call last):
  File "/Users/mcclainthiel/Projects/PhD/plasmid-pretraining/src/nextflow/bin/normalize.py", line 376, in <module>
    main()
  File "/Users/mcclainthiel/Projects/PhD/plasmid-pretraining/src/nextflow/bin/normalize.py", line 353, in main
    metadata = parse_genbank(input_path)
               ^^^^^^^^^^^^^^^^^^^^^^^^^
  File "/Users/mcclainthiel/Projects/PhD/plasmid-pretraining/src/nextflow/bin/normalize.py", line 213, in parse_genbank
    with open(filepath, "r") as f:
         ^^^^^^^^^^^^^^^^^^^
FileNotFoundError: [Errno 2] No such file or directory: 'GenBank\\ AAEP01000051.1.gbk'
Dec-17 12:17:09.580 [main] DEBUG nextflow.Session - Session await > all processes finished
Dec-17 12:17:09.580 [main] DEBUG nextflow.Session - Session await > all barriers passed
Dec-17 12:17:09.581 [main] DEBUG n.trace.WorkflowStatsObserver - Workflow completed > WorkflowStats[succeededCount=0; failedCount=9; ignoredCount=0; cachedCount=0; pendingCount=0; submittedCount=0; runningCount=0; retriesCount=0; abortedCount=2; succeedDuration=0ms; failedDuration=1.9s; cachedDuration=0ms;loadCpus=0; loadMemory=0; peakRunning=10; peakCpus=10; peakMemory=20 GB; ]
Dec-17 12:17:09.588 [main] WARN  nextflow.dag.GraphvizRenderer - Graphviz is required to render the execution DAG in the given format -- See http://www.graphviz.org for more info.
Dec-17 12:17:09.589 [main] DEBUG nextflow.trace.ReportObserver - Workflow completed -- rendering execution report
Dec-17 12:17:10.039 [main] DEBUG nextflow.trace.TimelineObserver - Workflow completed -- rendering execution timeline
Dec-17 12:17:10.084 [main] DEBUG nextflow.trace.TraceFileObserver - Workflow completed -- saving trace file
Dec-17 12:17:10.086 [main] DEBUG nextflow.cache.CacheDB - Closing CacheDB done
Dec-17 12:17:10.095 [main] DEBUG nextflow.script.ScriptRunner - > Execution complete -- Goodbye
